<!DOCTYPE html>

<html>
  <head>
  <meta charset='utf-8'>
  <title>TestNG reports</title>

    <link type="text/css" href="testng-reports1.css" rel="stylesheet" id="ultra" />
    <link type="text/css" href="testng-reports.css" rel="stylesheet" id="retro" disabled="false"/>
    <script type="text/javascript" src="jquery-3.6.0.min.js"></script>
    <script type="text/javascript" src="testng-reports.js"></script>
    <script type="text/javascript" src="https://www.google.com/jsapi"></script>
    <script type='text/javascript'>
      google.load('visualization', '1', {packages:['table']});
      google.setOnLoadCallback(drawTable);
      var suiteTableInitFunctions = new Array();
      var suiteTableData = new Array();
    </script>
    <!--
      <script type="text/javascript" src="jquery-ui/js/jquery-ui-1.8.16.custom.min.js"></script>
     -->
  </head>

  <body>    <div class="top-banner-root">
      <span class="top-banner-title-font">Test results</span>
      <button id="button" class="button">Switch Retro Theme</button> <!-- button -->
      <br/>
      <span class="top-banner-font-1">1 suite, 8 failed tests</span>
    </div> <!-- top-banner-root -->
    <div class="navigator-root">
      <div class="navigator-suite-header">
        <span>All suites</span>
        <a href="#" title="Collapse/expand all the suites" class="collapse-all-link">
          <img src="collapseall.gif" class="collapse-all-icon">
          </img> <!-- collapse-all-icon -->
        </a> <!-- collapse-all-link -->
      </div> <!-- navigator-suite-header -->
      <div class="suite">
        <div class="rounded-window">
          <div class="suite-header light-rounded-window-top">
            <a href="#" panel-name="suite-Suite" class="navigator-link">
              <span class="suite-name border-failed">Suite</span>
            </a> <!-- navigator-link -->
          </div> <!-- suite-header light-rounded-window-top -->
          <div class="navigator-suite-content">
            <div class="suite-section-title">
              <span>Info</span>
            </div> <!-- suite-section-title -->
            <div class="suite-section-content">
              <ul>
                <li>
                  <a href="#" panel-name="test-xml-Suite" class="navigator-link ">
                    <span>D:\JavaSelenium\IKKON\testng.xml</span>
                  </a> <!-- navigator-link  -->
                </li>
                <li>
                  <a href="#" panel-name="testlist-Suite" class="navigator-link ">
                    <span class="test-stats">1 test</span>
                  </a> <!-- navigator-link  -->
                </li>
                <li>
                  <a href="#" panel-name="group-Suite" class="navigator-link ">
                    <span>0 groups</span>
                  </a> <!-- navigator-link  -->
                </li>
                <li>
                  <a href="#" panel-name="times-Suite" class="navigator-link ">
                    <span>Times</span>
                  </a> <!-- navigator-link  -->
                </li>
                <li>
                  <a href="#" panel-name="reporter-Suite" class="navigator-link ">
                    <span>Reporter output</span>
                  </a> <!-- navigator-link  -->
                </li>
                <li>
                  <a href="#" panel-name="ignored-methods-Suite" class="navigator-link ">
                    <span>Ignored methods</span>
                  </a> <!-- navigator-link  -->
                </li>
                <li>
                  <a href="#" panel-name="chronological-Suite" class="navigator-link ">
                    <span>Chronological view</span>
                  </a> <!-- navigator-link  -->
                </li>
              </ul>
            </div> <!-- suite-section-content -->
            <div class="result-section">
              <div class="suite-section-title">
                <span>Results</span>
              </div> <!-- suite-section-title -->
              <div class="suite-section-content">
                <ul>
                  <li>
                    <span class="method-stats">41 methods, 8 failed,  3 skipped,  30 passed</span>
                  </li>
                  <li>
                    <span class="method-list-title failed">Failed methods</span>
                    <span class="show-or-hide-methods failed">
                      <a href="#" panel-name="suite-Suite" class="hide-methods failed suite-Suite"> (hide)</a> <!-- hide-methods failed suite-Suite -->
                      <a href="#" panel-name="suite-Suite" class="show-methods failed suite-Suite"> (show)</a> <!-- show-methods failed suite-Suite -->
                    </span>
                    <div class="method-list-content failed suite-Suite">
                      <span>
                        <img src="failed.png" width="3%"/>
                        <a href="#" panel-name="suite-Suite" title="com.ikkon.Test_cases.TC_SignInPageTest" class="method navigator-link" hash-for-method="Logout">Logout</a> <!-- method navigator-link -->
                      </span>
                      <br/>
                      <span>
                        <img src="failed.png" width="3%"/>
                        <a href="#" panel-name="suite-Suite" title="com.ikkon.Test_cases.TC_SignInPageTest" class="method navigator-link" hash-for-method="SignInWithAdmin">SignInWithAdmin</a> <!-- method navigator-link -->
                      </span>
                      <br/>
                      <span>
                        <img src="failed.png" width="3%"/>
                        <a href="#" panel-name="suite-Suite" title="com.ikkon.Test_cases.TC_DashboardPageTest" class="method navigator-link" hash-for-method="VerifyAgenciesUsersCountOnDashboardAndTotalListeadAgenciesUsersOnUsersPage">VerifyAgenciesUsersCountOnDashboardAndTotalListeadAgenciesUsersOnUsersPage</a> <!-- method navigator-link -->
                      </span>
                      <br/>
                      <span>
                        <img src="failed.png" width="3%"/>
                        <a href="#" panel-name="suite-Suite" title="com.ikkon.Test_cases.TC_DashboardPageTest" class="method navigator-link" hash-for-method="VerifyAudioInfluencersCountOnDashboardAndTotalListeadAudioInfluencersOnUsersPage">VerifyAudioInfluencersCountOnDashboardAndTotalListeadAudioInfluencersOnUsersPage</a> <!-- method navigator-link -->
                      </span>
                      <br/>
                      <span>
                        <img src="failed.png" width="3%"/>
                        <a href="#" panel-name="suite-Suite" title="com.ikkon.Test_cases.TC_DashboardPageTest" class="method navigator-link" hash-for-method="VerifyBrandUsersCountOnDashboardAndTotalListeadBrandUsersOnUsersPage">VerifyBrandUsersCountOnDashboardAndTotalListeadBrandUsersOnUsersPage</a> <!-- method navigator-link -->
                      </span>
                      <br/>
                      <span>
                        <img src="failed.png" width="3%"/>
                        <a href="#" panel-name="suite-Suite" title="com.ikkon.Test_cases.TC_CampaignPageTest" class="method navigator-link" hash-for-method="VerifyFilterByCompleted">VerifyFilterByCompleted</a> <!-- method navigator-link -->
                      </span>
                      <br/>
                      <span>
                        <img src="failed.png" width="3%"/>
                        <a href="#" panel-name="suite-Suite" title="com.ikkon.Test_cases.TC_CampaignPageTest" class="method navigator-link" hash-for-method="VerifyFilterByInfluencerConfirmed">VerifyFilterByInfluencerConfirmed</a> <!-- method navigator-link -->
                      </span>
                      <br/>
                      <span>
                        <img src="failed.png" width="3%"/>
                        <a href="#" panel-name="suite-Suite" title="com.ikkon.Test_cases.TC_DashboardPageTest" class="method navigator-link" hash-for-method="VerifyTotalUsersOnDashboardAndTotalListeadUsersOnUsersPage">VerifyTotalUsersOnDashboardAndTotalListeadUsersOnUsersPage</a> <!-- method navigator-link -->
                      </span>
                      <br/>
                    </div> <!-- method-list-content failed suite-Suite -->
                  </li>
                  <li>
                    <span class="method-list-title skipped">Skipped methods</span>
                    <span class="show-or-hide-methods skipped">
                      <a href="#" panel-name="suite-Suite" class="hide-methods skipped suite-Suite"> (hide)</a> <!-- hide-methods skipped suite-Suite -->
                      <a href="#" panel-name="suite-Suite" class="show-methods skipped suite-Suite"> (show)</a> <!-- show-methods skipped suite-Suite -->
                    </span>
                    <div class="method-list-content skipped suite-Suite">
                      <span>
                        <img src="skipped.png" width="3%"/>
                        <a href="#" panel-name="suite-Suite" title="com.ikkon.Test_cases.TC_CampaignPageTest" class="method navigator-link" hash-for-method="VerifyFilterByInActive">VerifyFilterByInActive</a> <!-- method navigator-link -->
                      </span>
                      <br/>
                      <span>
                        <img src="skipped.png" width="3%"/>
                        <a href="#" panel-name="suite-Suite" title="com.ikkon.Test_cases.TC_CampaignPageTest" class="method navigator-link" hash-for-method="VerifyFilterByRequestForInfluencer">VerifyFilterByRequestForInfluencer</a> <!-- method navigator-link -->
                      </span>
                      <br/>
                      <span>
                        <img src="skipped.png" width="3%"/>
                        <a href="#" panel-name="suite-Suite" title="com.ikkon.Test_cases.TC_CampaignPageTest" class="method navigator-link" hash-for-method="VerifyPreviousAndNextButtonStatusWhenOnlySinglePageAvailable">VerifyPreviousAndNextButtonStatusWhenOnlySinglePageAvailable</a> <!-- method navigator-link -->
                      </span>
                      <br/>
                    </div> <!-- method-list-content skipped suite-Suite -->
                  </li>
                  <li>
                    <span class="method-list-title passed">Passed methods</span>
                    <span class="show-or-hide-methods passed">
                      <a href="#" panel-name="suite-Suite" class="hide-methods passed suite-Suite"> (hide)</a> <!-- hide-methods passed suite-Suite -->
                      <a href="#" panel-name="suite-Suite" class="show-methods passed suite-Suite"> (show)</a> <!-- show-methods passed suite-Suite -->
                    </span>
                    <div class="method-list-content passed suite-Suite">
                      <span>
                        <img src="passed.png" width="3%"/>
                        <a href="#" panel-name="suite-Suite" title="com.ikkon.Test_cases.TC_MenuPageTest" class="method navigator-link" hash-for-method="AgencyPageOpened">AgencyPageOpened</a> <!-- method navigator-link -->
                      </span>
                      <br/>
                      <span>
                        <img src="passed.png" width="3%"/>
                        <a href="#" panel-name="suite-Suite" title="com.ikkon.Test_cases.TC_MenuPageTest" class="method navigator-link" hash-for-method="BrandPageOpened">BrandPageOpened</a> <!-- method navigator-link -->
                      </span>
                      <br/>
                      <span>
                        <img src="passed.png" width="3%"/>
                        <a href="#" panel-name="suite-Suite" title="com.ikkon.Test_cases.TC_MenuPageTest" class="method navigator-link" hash-for-method="CampaignPageOpened">CampaignPageOpened</a> <!-- method navigator-link -->
                      </span>
                      <br/>
                      <span>
                        <img src="passed.png" width="3%"/>
                        <a href="#" panel-name="suite-Suite" title="com.ikkon.Test_cases.TC_MenuPageTest" class="method navigator-link" hash-for-method="DashboardPageOpened">DashboardPageOpened</a> <!-- method navigator-link -->
                      </span>
                      <br/>
                      <span>
                        <img src="passed.png" width="3%"/>
                        <a href="#" panel-name="suite-Suite" title="com.ikkon.Test_cases.TC_SignInPageTest" class="method navigator-link" hash-for-method="LoginEmailAndInvalidPassword">LoginEmailAndInvalidPassword</a> <!-- method navigator-link -->
                      </span>
                      <br/>
                      <span>
                        <img src="passed.png" width="3%"/>
                        <a href="#" panel-name="suite-Suite" title="com.ikkon.Test_cases.TC_SignInPageTest" class="method navigator-link" hash-for-method="LoginWithInvalidEmailAndCorrectPassword">LoginWithInvalidEmailAndCorrectPassword</a> <!-- method navigator-link -->
                      </span>
                      <br/>
                      <span>
                        <img src="passed.png" width="3%"/>
                        <a href="#" panel-name="suite-Suite" title="com.ikkon.Test_cases.TC_SignInPageTest" class="method navigator-link" hash-for-method="LoginWithoutEnteringCredentials">LoginWithoutEnteringCredentials</a> <!-- method navigator-link -->
                      </span>
                      <br/>
                      <span>
                        <img src="passed.png" width="3%"/>
                        <a href="#" panel-name="suite-Suite" title="com.ikkon.Test_cases.TC_SignInPageTest" class="method navigator-link" hash-for-method="LoginWithoutEnteringEmail">LoginWithoutEnteringEmail</a> <!-- method navigator-link -->
                      </span>
                      <br/>
                      <span>
                        <img src="passed.png" width="3%"/>
                        <a href="#" panel-name="suite-Suite" title="com.ikkon.Test_cases.TC_SignInPageTest" class="method navigator-link" hash-for-method="LoginWithoutEnteringPassword">LoginWithoutEnteringPassword</a> <!-- method navigator-link -->
                      </span>
                      <br/>
                      <span>
                        <img src="passed.png" width="3%"/>
                        <a href="#" panel-name="suite-Suite" title="com.ikkon.Test_cases.TC_MenuPageTest" class="method navigator-link" hash-for-method="MatchmakingPageOpened">MatchmakingPageOpened</a> <!-- method navigator-link -->
                      </span>
                      <br/>
                      <span>
                        <img src="passed.png" width="3%"/>
                        <a href="#" panel-name="suite-Suite" title="com.ikkon.Test_cases.TC_MenuPageTest" class="method navigator-link" hash-for-method="NotificationPageIsOpened">NotificationPageIsOpened</a> <!-- method navigator-link -->
                      </span>
                      <br/>
                      <span>
                        <img src="passed.png" width="3%"/>
                        <a href="#" panel-name="suite-Suite" title="com.ikkon.Test_cases.TC_SignInPageTest" class="method navigator-link" hash-for-method="OpenSignInPage">OpenSignInPage</a> <!-- method navigator-link -->
                      </span>
                      <br/>
                      <span>
                        <img src="passed.png" width="3%"/>
                        <a href="#" panel-name="suite-Suite" title="com.ikkon.Test_cases.TC_MenuPageTest" class="method navigator-link" hash-for-method="SystemLogsPageIsOpened">SystemLogsPageIsOpened</a> <!-- method navigator-link -->
                      </span>
                      <br/>
                      <span>
                        <img src="passed.png" width="3%"/>
                        <a href="#" panel-name="suite-Suite" title="com.ikkon.Test_cases.TC_MenuPageTest" class="method navigator-link" hash-for-method="UsersPageIsOpened">UsersPageIsOpened</a> <!-- method navigator-link -->
                      </span>
                      <br/>
                      <span>
                        <img src="passed.png" width="3%"/>
                        <a href="#" panel-name="suite-Suite" title="com.ikkon.Test_cases.TC_DashboardPageTest" class="method navigator-link" hash-for-method="VerifyActiveUsersCountOnDashboardAndTotalListeadActiveUsersOnUsersPage">VerifyActiveUsersCountOnDashboardAndTotalListeadActiveUsersOnUsersPage</a> <!-- method navigator-link -->
                      </span>
                      <br/>
                      <span>
                        <img src="passed.png" width="3%"/>
                        <a href="#" panel-name="suite-Suite" title="com.ikkon.Test_cases.TC_DashboardPageTest" class="method navigator-link" hash-for-method="VerifyActiveUsersListByClickingOnActiveUsers">VerifyActiveUsersListByClickingOnActiveUsers</a> <!-- method navigator-link -->
                      </span>
                      <br/>
                      <span>
                        <img src="passed.png" width="3%"/>
                        <a href="#" panel-name="suite-Suite" title="com.ikkon.Test_cases.TC_DashboardPageTest" class="method navigator-link" hash-for-method="VerifyAgencyUsersListByClickingOnAgencyUsers">VerifyAgencyUsersListByClickingOnAgencyUsers</a> <!-- method navigator-link -->
                      </span>
                      <br/>
                      <span>
                        <img src="passed.png" width="3%"/>
                        <a href="#" panel-name="suite-Suite" title="com.ikkon.Test_cases.TC_DashboardPageTest" class="method navigator-link" hash-for-method="VerifyAllUsersListByClickingOnTotalUsers">VerifyAllUsersListByClickingOnTotalUsers</a> <!-- method navigator-link -->
                      </span>
                      <br/>
                      <span>
                        <img src="passed.png" width="3%"/>
                        <a href="#" panel-name="suite-Suite" title="com.ikkon.Test_cases.TC_DashboardPageTest" class="method navigator-link" hash-for-method="VerifyBrandUsersListByClickingOnBrandUsers">VerifyBrandUsersListByClickingOnBrandUsers</a> <!-- method navigator-link -->
                      </span>
                      <br/>
                      <span>
                        <img src="passed.png" width="3%"/>
                        <a href="#" panel-name="suite-Suite" title="com.ikkon.Test_cases.TC_CampaignPageTest" class="method navigator-link" hash-for-method="VerifyCampaignListOnFirstPage">VerifyCampaignListOnFirstPage</a> <!-- method navigator-link -->
                      </span>
                      <br/>
                      <span>
                        <img src="passed.png" width="3%"/>
                        <a href="#" panel-name="suite-Suite" title="com.ikkon.Test_cases.TC_DashboardPageTest" class="method navigator-link" hash-for-method="VerifyDashboardPageLabelsAfterAdminUserLogin">VerifyDashboardPageLabelsAfterAdminUserLogin</a> <!-- method navigator-link -->
                      </span>
                      <br/>
                      <span>
                        <img src="passed.png" width="3%"/>
                        <a href="#" panel-name="suite-Suite" title="com.ikkon.Test_cases.TC_CampaignPageTest" class="method navigator-link" hash-for-method="VerifyFilterByActive">VerifyFilterByActive</a> <!-- method navigator-link -->
                      </span>
                      <br/>
                      <span>
                        <img src="passed.png" width="3%"/>
                        <a href="#" panel-name="suite-Suite" title="com.ikkon.Test_cases.TC_CampaignPageTest" class="method navigator-link" hash-for-method="VerifyFilterByDraft">VerifyFilterByDraft</a> <!-- method navigator-link -->
                      </span>
                      <br/>
                      <span>
                        <img src="passed.png" width="3%"/>
                        <a href="#" panel-name="suite-Suite" title="com.ikkon.Test_cases.TC_CampaignPageTest" class="method navigator-link" hash-for-method="VerifyFilterByReviewInfluencer">VerifyFilterByReviewInfluencer</a> <!-- method navigator-link -->
                      </span>
                      <br/>
                      <span>
                        <img src="passed.png" width="3%"/>
                        <a href="#" panel-name="suite-Suite" title="com.ikkon.Test_cases.TC_DashboardPageTest" class="method navigator-link" hash-for-method="VerifyInActiveUsersCountOnDashboardAndTotalListeadInActiveUsersOnUsersPage">VerifyInActiveUsersCountOnDashboardAndTotalListeadInActiveUsersOnUsersPage</a> <!-- method navigator-link -->
                      </span>
                      <br/>
                      <span>
                        <img src="passed.png" width="3%"/>
                        <a href="#" panel-name="suite-Suite" title="com.ikkon.Test_cases.TC_DashboardPageTest" class="method navigator-link" hash-for-method="VerifyInactiveUsersListByClickingOnInactiveUsers">VerifyInactiveUsersListByClickingOnInactiveUsers</a> <!-- method navigator-link -->
                      </span>
                      <br/>
                      <span>
                        <img src="passed.png" width="3%"/>
                        <a href="#" panel-name="suite-Suite" title="com.ikkon.Test_cases.TC_DashboardPageTest" class="method navigator-link" hash-for-method="VerifyInfluencerUsersListByClickingOnInfluencerUsers">VerifyInfluencerUsersListByClickingOnInfluencerUsers</a> <!-- method navigator-link -->
                      </span>
                      <br/>
                      <span>
                        <img src="passed.png" width="3%"/>
                        <a href="#" panel-name="suite-Suite" title="com.ikkon.Test_cases.TC_CampaignPageTest" class="method navigator-link" hash-for-method="VerifyNextButtonStatusWhenUserIsOnLastPage">VerifyNextButtonStatusWhenUserIsOnLastPage</a> <!-- method navigator-link -->
                      </span>
                      <br/>
                      <span>
                        <img src="passed.png" width="3%"/>
                        <a href="#" panel-name="suite-Suite" title="com.ikkon.Test_cases.TC_CampaignPageTest" class="method navigator-link" hash-for-method="VerifyPreviousButtonStatusOnFirstPage">VerifyPreviousButtonStatusOnFirstPage</a> <!-- method navigator-link -->
                      </span>
                      <br/>
                      <span>
                        <img src="passed.png" width="3%"/>
                        <a href="#" panel-name="suite-Suite" title="com.ikkon.Test_cases.TC_CampaignPageTest" class="method navigator-link" hash-for-method="VerifyPreviousButtonStausWhenSwitchFromFirstPageToAnotherPage">VerifyPreviousButtonStausWhenSwitchFromFirstPageToAnotherPage</a> <!-- method navigator-link -->
                      </span>
                      <br/>
                    </div> <!-- method-list-content passed suite-Suite -->
                  </li>
                </ul>
              </div> <!-- suite-section-content -->
            </div> <!-- result-section -->
          </div> <!-- navigator-suite-content -->
        </div> <!-- rounded-window -->
      </div> <!-- suite -->
    </div> <!-- navigator-root -->
    <div class="wrapper">
      <div class="main-panel-root">
        <div panel-name="suite-Suite" class="panel Suite">
          <div class="suite-Suite-class-failed">
            <div class="main-panel-header rounded-window-top">
              <img src="failed.png"/>
              <span class="class-name">com.ikkon.Test_cases.TC_SignInPageTest</span>
            </div> <!-- main-panel-header rounded-window-top -->
            <div class="main-panel-content rounded-window-bottom">
              <div class="method">
                <div class="method-content">
                  <a name="Logout">
                  </a> <!-- Logout -->
                  <span class="method-name">Logout</span>
                  <div class="stack-trace">org.openqa.selenium.NoSuchElementException: no such element: Unable to locate element: {&quot;method&quot;:&quot;xpath&quot;,&quot;selector&quot;:&quot;//div[@class=&apos;MuiBox-root css-759u60&apos;]&quot;}
  (Session info: chrome=131.0.6778.265)
For documentation on this error, please visit: https://www.selenium.dev/documentation/webdriver/troubleshooting/errors#no-such-element-exception
Build info: version: &apos;4.26.0&apos;, revision: &apos;8ccf0219d7&apos;
System info: os.name: &apos;Windows 10&apos;, os.arch: &apos;amd64&apos;, os.version: &apos;10.0&apos;, java.version: &apos;21.0.3&apos;
Driver info: org.openqa.selenium.chrome.ChromeDriver
Command: [668762336cedfdc838b91edc83453a34, findElement {using=xpath, value=//div[@class=&apos;MuiBox-root css-759u60&apos;]}]
Capabilities {acceptInsecureCerts: false, browserName: chrome, browserVersion: 131.0.6778.265, chrome: {chromedriverVersion: 131.0.6778.264 (2d05e315153..., userDataDir: C:\Users\KANHAS~1\AppData\L...}, fedcm:accounts: true, goog:chromeOptions: {debuggerAddress: localhost:59276}, networkConnectionEnabled: false, pageLoadStrategy: normal, platformName: windows, proxy: Proxy(), se:cdp: ws://localhost:59276/devtoo..., se:cdpVersion: 131.0.6778.265, setWindowRect: true, strictFileInteractability: false, timeouts: {implicit: 0, pageLoad: 300000, script: 30000}, unhandledPromptBehavior: dismiss and notify, webauthn:extension:credBlob: true, webauthn:extension:largeBlob: true, webauthn:extension:minPinLength: true, webauthn:extension:prf: true, webauthn:virtualAuthenticators: true}
Session ID: 668762336cedfdc838b91edc83453a34
	at org.openqa.selenium.remote.ErrorCodec.decode(ErrorCodec.java:167)
	at org.openqa.selenium.remote.codec.w3c.W3CHttpResponseCodec.decode(W3CHttpResponseCodec.java:138)
	at org.openqa.selenium.remote.codec.w3c.W3CHttpResponseCodec.decode(W3CHttpResponseCodec.java:50)
	at org.openqa.selenium.remote.HttpCommandExecutor.execute(HttpCommandExecutor.java:190)
	at org.openqa.selenium.remote.service.DriverCommandExecutor.invokeExecute(DriverCommandExecutor.java:216)
	at org.openqa.selenium.remote.service.DriverCommandExecutor.execute(DriverCommandExecutor.java:174)
	at org.openqa.selenium.remote.RemoteWebDriver.execute(RemoteWebDriver.java:545)
	at org.openqa.selenium.remote.ElementLocation$ElementFinder$2.findElement(ElementLocation.java:165)
	at org.openqa.selenium.remote.ElementLocation.findElement(ElementLocation.java:59)
	at org.openqa.selenium.remote.RemoteWebDriver.findElement(RemoteWebDriver.java:368)
	at org.openqa.selenium.remote.RemoteWebDriver.findElement(RemoteWebDriver.java:362)
	at org.openqa.selenium.support.pagefactory.DefaultElementLocator.findElement(DefaultElementLocator.java:68)
	at org.openqa.selenium.support.pagefactory.internal.LocatingElementHandler.invoke(LocatingElementHandler.java:38)
	at jdk.proxy2/jdk.proxy2.$Proxy29.click(Unknown Source)
	at com.ikkon.pageObjects.DashboardPage.ProfileNameClick(DashboardPage.java:206)
	at com.ikkon.Test_cases.TC_SignInPageTest.Logout(TC_SignInPageTest.java:211)
	at java.base/java.util.ArrayList.forEach(ArrayList.java:1596)
... Removed 28 stack frames
</div> <!-- stack-trace -->
                </div> <!-- method-content -->
              </div> <!-- method -->
              <div class="method">
                <div class="method-content">
                  <a name="SignInWithAdmin">
                  </a> <!-- SignInWithAdmin -->
                  <span class="method-name">SignInWithAdmin</span>
                  <div class="stack-trace">org.openqa.selenium.NoSuchElementException: no such element: Unable to locate element: {&quot;method&quot;:&quot;xpath&quot;,&quot;selector&quot;:&quot;//div[text()=&apos;Logged in successfully&apos;]&quot;}
  (Session info: chrome=131.0.6778.265)
For documentation on this error, please visit: https://www.selenium.dev/documentation/webdriver/troubleshooting/errors#no-such-element-exception
Build info: version: &apos;4.26.0&apos;, revision: &apos;8ccf0219d7&apos;
System info: os.name: &apos;Windows 10&apos;, os.arch: &apos;amd64&apos;, os.version: &apos;10.0&apos;, java.version: &apos;21.0.3&apos;
Driver info: org.openqa.selenium.chrome.ChromeDriver
Command: [668762336cedfdc838b91edc83453a34, findElement {using=xpath, value=//div[text()=&apos;Logged in successfully&apos;]}]
Capabilities {acceptInsecureCerts: false, browserName: chrome, browserVersion: 131.0.6778.265, chrome: {chromedriverVersion: 131.0.6778.264 (2d05e315153..., userDataDir: C:\Users\KANHAS~1\AppData\L...}, fedcm:accounts: true, goog:chromeOptions: {debuggerAddress: localhost:59276}, networkConnectionEnabled: false, pageLoadStrategy: normal, platformName: windows, proxy: Proxy(), se:cdp: ws://localhost:59276/devtoo..., se:cdpVersion: 131.0.6778.265, setWindowRect: true, strictFileInteractability: false, timeouts: {implicit: 0, pageLoad: 300000, script: 30000}, unhandledPromptBehavior: dismiss and notify, webauthn:extension:credBlob: true, webauthn:extension:largeBlob: true, webauthn:extension:minPinLength: true, webauthn:extension:prf: true, webauthn:virtualAuthenticators: true}
Session ID: 668762336cedfdc838b91edc83453a34
	at org.openqa.selenium.remote.ErrorCodec.decode(ErrorCodec.java:167)
	at org.openqa.selenium.remote.codec.w3c.W3CHttpResponseCodec.decode(W3CHttpResponseCodec.java:138)
	at org.openqa.selenium.remote.codec.w3c.W3CHttpResponseCodec.decode(W3CHttpResponseCodec.java:50)
	at org.openqa.selenium.remote.HttpCommandExecutor.execute(HttpCommandExecutor.java:190)
	at org.openqa.selenium.remote.service.DriverCommandExecutor.invokeExecute(DriverCommandExecutor.java:216)
	at org.openqa.selenium.remote.service.DriverCommandExecutor.execute(DriverCommandExecutor.java:174)
	at org.openqa.selenium.remote.RemoteWebDriver.execute(RemoteWebDriver.java:545)
	at org.openqa.selenium.remote.ElementLocation$ElementFinder$2.findElement(ElementLocation.java:165)
	at org.openqa.selenium.remote.ElementLocation.findElement(ElementLocation.java:59)
	at org.openqa.selenium.remote.RemoteWebDriver.findElement(RemoteWebDriver.java:368)
	at org.openqa.selenium.remote.RemoteWebDriver.findElement(RemoteWebDriver.java:362)
	at org.openqa.selenium.support.pagefactory.DefaultElementLocator.findElement(DefaultElementLocator.java:68)
	at org.openqa.selenium.support.pagefactory.internal.LocatingElementHandler.invoke(LocatingElementHandler.java:38)
	at jdk.proxy2/jdk.proxy2.$Proxy29.getText(Unknown Source)
	at com.ikkon.pageObjects.DashboardPage.VerifyLoggedInSuccessfullyMsg(DashboardPage.java:70)
	at com.ikkon.Test_cases.TC_SignInPageTest.SignInWithAdmin(TC_SignInPageTest.java:197)
	at java.base/java.util.ArrayList.forEach(ArrayList.java:1596)
... Removed 28 stack frames
</div> <!-- stack-trace -->
                </div> <!-- method-content -->
              </div> <!-- method -->
            </div> <!-- main-panel-content rounded-window-bottom -->
          </div> <!-- suite-Suite-class-failed -->
          <div class="suite-Suite-class-failed">
            <div class="main-panel-header rounded-window-top">
              <img src="failed.png"/>
              <span class="class-name">com.ikkon.Test_cases.TC_DashboardPageTest</span>
            </div> <!-- main-panel-header rounded-window-top -->
            <div class="main-panel-content rounded-window-bottom">
              <div class="method">
                <div class="method-content">
                  <a name="VerifyAgenciesUsersCountOnDashboardAndTotalListeadAgenciesUsersOnUsersPage">
                  </a> <!-- VerifyAgenciesUsersCountOnDashboardAndTotalListeadAgenciesUsersOnUsersPage -->
                  <span class="method-name">VerifyAgenciesUsersCountOnDashboardAndTotalListeadAgenciesUsersOnUsersPage</span>
                  <div class="stack-trace">org.openqa.selenium.NoSuchElementException: no such element: Unable to locate element: {&quot;method&quot;:&quot;xpath&quot;,&quot;selector&quot;:&quot;//button[@aria-label=&apos;Go to page 6&apos;]&quot;}
  (Session info: chrome=131.0.6778.265)
For documentation on this error, please visit: https://www.selenium.dev/documentation/webdriver/troubleshooting/errors#no-such-element-exception
Build info: version: &apos;4.26.0&apos;, revision: &apos;8ccf0219d7&apos;
System info: os.name: &apos;Windows 10&apos;, os.arch: &apos;amd64&apos;, os.version: &apos;10.0&apos;, java.version: &apos;21.0.3&apos;
Driver info: org.openqa.selenium.chrome.ChromeDriver
Command: [9db776814848afb4e250ce7b1e03ce7f, findElement {using=xpath, value=//button[@aria-label=&apos;Go to page 6&apos;]}]
Capabilities {acceptInsecureCerts: false, browserName: chrome, browserVersion: 131.0.6778.265, chrome: {chromedriverVersion: 131.0.6778.264 (2d05e315153..., userDataDir: C:\Users\KANHAS~1\AppData\L...}, fedcm:accounts: true, goog:chromeOptions: {debuggerAddress: localhost:59446}, networkConnectionEnabled: false, pageLoadStrategy: normal, platformName: windows, proxy: Proxy(), se:cdp: ws://localhost:59446/devtoo..., se:cdpVersion: 131.0.6778.265, setWindowRect: true, strictFileInteractability: false, timeouts: {implicit: 0, pageLoad: 300000, script: 30000}, unhandledPromptBehavior: dismiss and notify, webauthn:extension:credBlob: true, webauthn:extension:largeBlob: true, webauthn:extension:minPinLength: true, webauthn:extension:prf: true, webauthn:virtualAuthenticators: true}
Session ID: 9db776814848afb4e250ce7b1e03ce7f
	at org.openqa.selenium.remote.ErrorCodec.decode(ErrorCodec.java:167)
	at org.openqa.selenium.remote.codec.w3c.W3CHttpResponseCodec.decode(W3CHttpResponseCodec.java:138)
	at org.openqa.selenium.remote.codec.w3c.W3CHttpResponseCodec.decode(W3CHttpResponseCodec.java:50)
	at org.openqa.selenium.remote.HttpCommandExecutor.execute(HttpCommandExecutor.java:190)
	at org.openqa.selenium.remote.service.DriverCommandExecutor.invokeExecute(DriverCommandExecutor.java:216)
	at org.openqa.selenium.remote.service.DriverCommandExecutor.execute(DriverCommandExecutor.java:174)
	at org.openqa.selenium.remote.RemoteWebDriver.execute(RemoteWebDriver.java:545)
	at org.openqa.selenium.remote.ElementLocation$ElementFinder$2.findElement(ElementLocation.java:165)
	at org.openqa.selenium.remote.ElementLocation.findElement(ElementLocation.java:59)
	at org.openqa.selenium.remote.RemoteWebDriver.findElement(RemoteWebDriver.java:368)
	at org.openqa.selenium.remote.RemoteWebDriver.findElement(RemoteWebDriver.java:362)
	at com.ikkon.pageObjects.UsersPage.GetTotalUsersFromTheUsersList(UsersPage.java:131)
	at com.ikkon.Test_cases.TC_DashboardPageTest.VerifyAgenciesUsersCountOnDashboardAndTotalListeadAgenciesUsersOnUsersPage(TC_DashboardPageTest.java:485)
	at java.base/java.util.ArrayList.forEach(ArrayList.java:1596)
... Removed 28 stack frames
</div> <!-- stack-trace -->
                </div> <!-- method-content -->
              </div> <!-- method -->
              <div class="method">
                <div class="method-content">
                  <a name="VerifyAudioInfluencersCountOnDashboardAndTotalListeadAudioInfluencersOnUsersPage">
                  </a> <!-- VerifyAudioInfluencersCountOnDashboardAndTotalListeadAudioInfluencersOnUsersPage -->
                  <span class="method-name">VerifyAudioInfluencersCountOnDashboardAndTotalListeadAudioInfluencersOnUsersPage</span>
                  <div class="stack-trace">java.lang.AssertionError: expected [true] but found [false]
	at com.ikkon.Test_cases.TC_DashboardPageTest.VerifyAudioInfluencersCountOnDashboardAndTotalListeadAudioInfluencersOnUsersPage(TC_DashboardPageTest.java:424)
	at java.base/java.util.ArrayList.forEach(ArrayList.java:1596)
... Removed 29 stack frames
</div> <!-- stack-trace -->
                </div> <!-- method-content -->
              </div> <!-- method -->
              <div class="method">
                <div class="method-content">
                  <a name="VerifyBrandUsersCountOnDashboardAndTotalListeadBrandUsersOnUsersPage">
                  </a> <!-- VerifyBrandUsersCountOnDashboardAndTotalListeadBrandUsersOnUsersPage -->
                  <span class="method-name">VerifyBrandUsersCountOnDashboardAndTotalListeadBrandUsersOnUsersPage</span>
                  <div class="stack-trace">java.lang.IndexOutOfBoundsException: Index -2 out of bounds for length 0
	at java.base/jdk.internal.util.Preconditions.outOfBounds(Preconditions.java:100)
	at java.base/jdk.internal.util.Preconditions.outOfBoundsCheckIndex(Preconditions.java:106)
	at java.base/jdk.internal.util.Preconditions.checkIndex(Preconditions.java:302)
	at java.base/java.util.Objects.checkIndex(Objects.java:385)
	at java.base/java.util.ArrayList.get(ArrayList.java:427)
	at org.openqa.selenium.support.pagefactory.internal.LocatingElementListHandler.invoke(LocatingElementListHandler.java:39)
	at jdk.proxy2/jdk.proxy2.$Proxy30.get(Unknown Source)
	at com.ikkon.pageObjects.UsersPage.GetTotalUsersFromTheUsersList(UsersPage.java:123)
	at com.ikkon.Test_cases.TC_DashboardPageTest.VerifyBrandUsersCountOnDashboardAndTotalListeadBrandUsersOnUsersPage(TC_DashboardPageTest.java:447)
	at java.base/java.util.ArrayList.forEach(ArrayList.java:1596)
... Removed 27 stack frames
</div> <!-- stack-trace -->
                </div> <!-- method-content -->
              </div> <!-- method -->
              <div class="method">
                <div class="method-content">
                  <a name="VerifyTotalUsersOnDashboardAndTotalListeadUsersOnUsersPage">
                  </a> <!-- VerifyTotalUsersOnDashboardAndTotalListeadUsersOnUsersPage -->
                  <span class="method-name">VerifyTotalUsersOnDashboardAndTotalListeadUsersOnUsersPage</span>
                  <div class="stack-trace">java.lang.AssertionError: expected [true] but found [false]
	at com.ikkon.Test_cases.TC_DashboardPageTest.VerifyTotalUsersOnDashboardAndTotalListeadUsersOnUsersPage(TC_DashboardPageTest.java:310)
	at java.base/java.util.ArrayList.forEach(ArrayList.java:1596)
... Removed 29 stack frames
</div> <!-- stack-trace -->
                </div> <!-- method-content -->
              </div> <!-- method -->
            </div> <!-- main-panel-content rounded-window-bottom -->
          </div> <!-- suite-Suite-class-failed -->
          <div class="suite-Suite-class-failed">
            <div class="main-panel-header rounded-window-top">
              <img src="failed.png"/>
              <span class="class-name">com.ikkon.Test_cases.TC_CampaignPageTest</span>
            </div> <!-- main-panel-header rounded-window-top -->
            <div class="main-panel-content rounded-window-bottom">
              <div class="method">
                <div class="method-content">
                  <a name="VerifyFilterByCompleted">
                  </a> <!-- VerifyFilterByCompleted -->
                  <span class="method-name">VerifyFilterByCompleted</span>
                  <div class="stack-trace">org.openqa.selenium.NoSuchWindowException: no such window: target window already closed
from unknown error: web view not found
  (Session info: chrome=131.0.6778.265)
Build info: version: &apos;4.26.0&apos;, revision: &apos;8ccf0219d7&apos;
System info: os.name: &apos;Windows 10&apos;, os.arch: &apos;amd64&apos;, os.version: &apos;10.0&apos;, java.version: &apos;21.0.3&apos;
Driver info: org.openqa.selenium.chrome.ChromeDriver
Command: [b196959d3d59a9cd1d50394145145478, findElement {using=xpath, value=//div[@id=&apos;mui-component-select-status&apos;]}]
Capabilities {acceptInsecureCerts: false, browserName: chrome, browserVersion: 131.0.6778.265, chrome: {chromedriverVersion: 131.0.6778.264 (2d05e315153..., userDataDir: C:\Users\KANHAS~1\AppData\L...}, fedcm:accounts: true, goog:chromeOptions: {debuggerAddress: localhost:59651}, networkConnectionEnabled: false, pageLoadStrategy: normal, platformName: windows, proxy: Proxy(), se:cdp: ws://localhost:59651/devtoo..., se:cdpVersion: 131.0.6778.265, setWindowRect: true, strictFileInteractability: false, timeouts: {implicit: 0, pageLoad: 300000, script: 30000}, unhandledPromptBehavior: dismiss and notify, webauthn:extension:credBlob: true, webauthn:extension:largeBlob: true, webauthn:extension:minPinLength: true, webauthn:extension:prf: true, webauthn:virtualAuthenticators: true}
Session ID: b196959d3d59a9cd1d50394145145478
	at org.openqa.selenium.remote.ErrorCodec.decode(ErrorCodec.java:167)
	at org.openqa.selenium.remote.codec.w3c.W3CHttpResponseCodec.decode(W3CHttpResponseCodec.java:138)
	at org.openqa.selenium.remote.codec.w3c.W3CHttpResponseCodec.decode(W3CHttpResponseCodec.java:50)
	at org.openqa.selenium.remote.HttpCommandExecutor.execute(HttpCommandExecutor.java:190)
	at org.openqa.selenium.remote.service.DriverCommandExecutor.invokeExecute(DriverCommandExecutor.java:216)
	at org.openqa.selenium.remote.service.DriverCommandExecutor.execute(DriverCommandExecutor.java:174)
	at org.openqa.selenium.remote.RemoteWebDriver.execute(RemoteWebDriver.java:545)
	at org.openqa.selenium.remote.ElementLocation$ElementFinder$2.findElement(ElementLocation.java:165)
	at org.openqa.selenium.remote.ElementLocation.findElement(ElementLocation.java:59)
	at org.openqa.selenium.remote.RemoteWebDriver.findElement(RemoteWebDriver.java:368)
	at org.openqa.selenium.remote.RemoteWebDriver.findElement(RemoteWebDriver.java:362)
	at org.openqa.selenium.support.pagefactory.DefaultElementLocator.findElement(DefaultElementLocator.java:68)
	at org.openqa.selenium.support.pagefactory.internal.LocatingElementHandler.invoke(LocatingElementHandler.java:38)
	at jdk.proxy2/jdk.proxy2.$Proxy29.click(Unknown Source)
	at com.ikkon.pageObjects.CampaignPage.ClickOnStatusDropdown(CampaignPage.java:82)
	at com.ikkon.Test_cases.TC_CampaignPageTest.VerifyFilterByCompleted(TC_CampaignPageTest.java:304)
	at java.base/java.util.ArrayList.forEach(ArrayList.java:1596)
... Removed 28 stack frames
</div> <!-- stack-trace -->
                </div> <!-- method-content -->
              </div> <!-- method -->
              <div class="method">
                <div class="method-content">
                  <a name="VerifyFilterByInfluencerConfirmed">
                  </a> <!-- VerifyFilterByInfluencerConfirmed -->
                  <span class="method-name">VerifyFilterByInfluencerConfirmed</span>
                  <div class="stack-trace">org.openqa.selenium.NoSuchWindowException: no such window: target window already closed
from unknown error: web view not found
  (Session info: chrome=131.0.6778.265)
Build info: version: &apos;4.26.0&apos;, revision: &apos;8ccf0219d7&apos;
System info: os.name: &apos;Windows 10&apos;, os.arch: &apos;amd64&apos;, os.version: &apos;10.0&apos;, java.version: &apos;21.0.3&apos;
Driver info: org.openqa.selenium.chrome.ChromeDriver
Command: [b196959d3d59a9cd1d50394145145478, findElements {using=xpath, value=//tbody[@class=&apos;MuiTableBody-root css-1xnox0e&apos;]//tr//td[2]}]
Capabilities {acceptInsecureCerts: false, browserName: chrome, browserVersion: 131.0.6778.265, chrome: {chromedriverVersion: 131.0.6778.264 (2d05e315153..., userDataDir: C:\Users\KANHAS~1\AppData\L...}, fedcm:accounts: true, goog:chromeOptions: {debuggerAddress: localhost:59651}, networkConnectionEnabled: false, pageLoadStrategy: normal, platformName: windows, proxy: Proxy(), se:cdp: ws://localhost:59651/devtoo..., se:cdpVersion: 131.0.6778.265, setWindowRect: true, strictFileInteractability: false, timeouts: {implicit: 0, pageLoad: 300000, script: 30000}, unhandledPromptBehavior: dismiss and notify, webauthn:extension:credBlob: true, webauthn:extension:largeBlob: true, webauthn:extension:minPinLength: true, webauthn:extension:prf: true, webauthn:virtualAuthenticators: true}
Session ID: b196959d3d59a9cd1d50394145145478
	at org.openqa.selenium.remote.ErrorCodec.decode(ErrorCodec.java:167)
	at org.openqa.selenium.remote.codec.w3c.W3CHttpResponseCodec.decode(W3CHttpResponseCodec.java:138)
	at org.openqa.selenium.remote.codec.w3c.W3CHttpResponseCodec.decode(W3CHttpResponseCodec.java:50)
	at org.openqa.selenium.remote.HttpCommandExecutor.execute(HttpCommandExecutor.java:190)
	at org.openqa.selenium.remote.service.DriverCommandExecutor.invokeExecute(DriverCommandExecutor.java:216)
	at org.openqa.selenium.remote.service.DriverCommandExecutor.execute(DriverCommandExecutor.java:174)
	at org.openqa.selenium.remote.RemoteWebDriver.execute(RemoteWebDriver.java:545)
	at org.openqa.selenium.remote.ElementLocation$ElementFinder$2.findElements(ElementLocation.java:182)
	at org.openqa.selenium.remote.ElementLocation.findElements(ElementLocation.java:103)
	at org.openqa.selenium.remote.RemoteWebDriver.findElements(RemoteWebDriver.java:381)
	at org.openqa.selenium.remote.RemoteWebDriver.findElements(RemoteWebDriver.java:375)
	at org.openqa.selenium.support.pagefactory.DefaultElementLocator.findElements(DefaultElementLocator.java:83)
	at org.openqa.selenium.support.pagefactory.internal.LocatingElementListHandler.invoke(LocatingElementListHandler.java:36)
	at jdk.proxy2/jdk.proxy2.$Proxy30.size(Unknown Source)
	at com.ikkon.pageObjects.CampaignPage.VerifyGetFilteredCampaignListStatus(CampaignPage.java:143)
	at com.ikkon.Test_cases.TC_CampaignPageTest.VerifyFilterByInfluencerConfirmed(TC_CampaignPageTest.java:284)
	at java.base/java.util.ArrayList.forEach(ArrayList.java:1596)
... Removed 28 stack frames
</div> <!-- stack-trace -->
                </div> <!-- method-content -->
              </div> <!-- method -->
            </div> <!-- main-panel-content rounded-window-bottom -->
          </div> <!-- suite-Suite-class-failed -->
          <div class="suite-Suite-class-skipped">
            <div class="main-panel-header rounded-window-top">
              <img src="skipped.png"/>
              <span class="class-name">com.ikkon.Test_cases.TC_CampaignPageTest</span>
            </div> <!-- main-panel-header rounded-window-top -->
            <div class="main-panel-content rounded-window-bottom">
              <div class="method">
                <div class="method-content">
                  <a name="VerifyFilterByInActive">
                  </a> <!-- VerifyFilterByInActive -->
                  <span class="method-name">VerifyFilterByInActive</span>
                  <div class="stack-trace">org.testng.SkipException: Skiping the test case as Total filtered campaigns are: 0
	at com.ikkon.pageObjects.CampaignPage.VerifyGetFilteredCampaignListStatus(CampaignPage.java:144)
	at com.ikkon.Test_cases.TC_CampaignPageTest.VerifyFilterByInActive(TC_CampaignPageTest.java:212)
	at java.base/java.util.ArrayList.forEach(ArrayList.java:1596)
... Removed 25 stack frames
</div> <!-- stack-trace -->
                </div> <!-- method-content -->
              </div> <!-- method -->
              <div class="method">
                <div class="method-content">
                  <a name="VerifyFilterByRequestForInfluencer">
                  </a> <!-- VerifyFilterByRequestForInfluencer -->
                  <span class="method-name">VerifyFilterByRequestForInfluencer</span>
                  <div class="stack-trace">org.testng.SkipException: Skiping the test case as Total filtered campaigns are: 9
	at com.ikkon.pageObjects.CampaignPage.VerifyGetFilteredCampaignListStatus(CampaignPage.java:144)
	at com.ikkon.Test_cases.TC_CampaignPageTest.VerifyFilterByRequestForInfluencer(TC_CampaignPageTest.java:236)
	at java.base/java.util.ArrayList.forEach(ArrayList.java:1596)
... Removed 25 stack frames
</div> <!-- stack-trace -->
                </div> <!-- method-content -->
              </div> <!-- method -->
              <div class="method">
                <div class="method-content">
                  <a name="VerifyPreviousAndNextButtonStatusWhenOnlySinglePageAvailable">
                  </a> <!-- VerifyPreviousAndNextButtonStatusWhenOnlySinglePageAvailable -->
                  <span class="method-name">VerifyPreviousAndNextButtonStatusWhenOnlySinglePageAvailable</span>
                  <div class="stack-trace">org.testng.SkipException: Skiping the test case as Total pages are more than 3. Total Pages are : 6
	at com.ikkon.Test_cases.TC_CampaignPageTest.VerifyPreviousAndNextButtonStatusWhenOnlySinglePageAvailable(TC_CampaignPageTest.java:135)
	at java.base/java.util.ArrayList.forEach(ArrayList.java:1596)
... Removed 25 stack frames
</div> <!-- stack-trace -->
                </div> <!-- method-content -->
              </div> <!-- method -->
            </div> <!-- main-panel-content rounded-window-bottom -->
          </div> <!-- suite-Suite-class-skipped -->
          <div class="suite-Suite-class-passed">
            <div class="main-panel-header rounded-window-top">
              <img src="passed.png"/>
              <span class="class-name">com.ikkon.Test_cases.TC_SignInPageTest</span>
            </div> <!-- main-panel-header rounded-window-top -->
            <div class="main-panel-content rounded-window-bottom">
              <div class="method">
                <div class="method-content">
                  <a name="LoginEmailAndInvalidPassword">
                  </a> <!-- LoginEmailAndInvalidPassword -->
                  <span class="method-name">LoginEmailAndInvalidPassword</span>
                </div> <!-- method-content -->
              </div> <!-- method -->
              <div class="method">
                <div class="method-content">
                  <a name="LoginWithInvalidEmailAndCorrectPassword">
                  </a> <!-- LoginWithInvalidEmailAndCorrectPassword -->
                  <span class="method-name">LoginWithInvalidEmailAndCorrectPassword</span>
                </div> <!-- method-content -->
              </div> <!-- method -->
              <div class="method">
                <div class="method-content">
                  <a name="LoginWithoutEnteringCredentials">
                  </a> <!-- LoginWithoutEnteringCredentials -->
                  <span class="method-name">LoginWithoutEnteringCredentials</span>
                </div> <!-- method-content -->
              </div> <!-- method -->
              <div class="method">
                <div class="method-content">
                  <a name="LoginWithoutEnteringEmail">
                  </a> <!-- LoginWithoutEnteringEmail -->
                  <span class="method-name">LoginWithoutEnteringEmail</span>
                </div> <!-- method-content -->
              </div> <!-- method -->
              <div class="method">
                <div class="method-content">
                  <a name="LoginWithoutEnteringPassword">
                  </a> <!-- LoginWithoutEnteringPassword -->
                  <span class="method-name">LoginWithoutEnteringPassword</span>
                </div> <!-- method-content -->
              </div> <!-- method -->
              <div class="method">
                <div class="method-content">
                  <a name="OpenSignInPage">
                  </a> <!-- OpenSignInPage -->
                  <span class="method-name">OpenSignInPage</span>
                </div> <!-- method-content -->
              </div> <!-- method -->
            </div> <!-- main-panel-content rounded-window-bottom -->
          </div> <!-- suite-Suite-class-passed -->
          <div class="suite-Suite-class-passed">
            <div class="main-panel-header rounded-window-top">
              <img src="passed.png"/>
              <span class="class-name">com.ikkon.Test_cases.TC_DashboardPageTest</span>
            </div> <!-- main-panel-header rounded-window-top -->
            <div class="main-panel-content rounded-window-bottom">
              <div class="method">
                <div class="method-content">
                  <a name="VerifyActiveUsersCountOnDashboardAndTotalListeadActiveUsersOnUsersPage">
                  </a> <!-- VerifyActiveUsersCountOnDashboardAndTotalListeadActiveUsersOnUsersPage -->
                  <span class="method-name">VerifyActiveUsersCountOnDashboardAndTotalListeadActiveUsersOnUsersPage</span>
                </div> <!-- method-content -->
              </div> <!-- method -->
              <div class="method">
                <div class="method-content">
                  <a name="VerifyActiveUsersListByClickingOnActiveUsers">
                  </a> <!-- VerifyActiveUsersListByClickingOnActiveUsers -->
                  <span class="method-name">VerifyActiveUsersListByClickingOnActiveUsers</span>
                </div> <!-- method-content -->
              </div> <!-- method -->
              <div class="method">
                <div class="method-content">
                  <a name="VerifyAgencyUsersListByClickingOnAgencyUsers">
                  </a> <!-- VerifyAgencyUsersListByClickingOnAgencyUsers -->
                  <span class="method-name">VerifyAgencyUsersListByClickingOnAgencyUsers</span>
                </div> <!-- method-content -->
              </div> <!-- method -->
              <div class="method">
                <div class="method-content">
                  <a name="VerifyAllUsersListByClickingOnTotalUsers">
                  </a> <!-- VerifyAllUsersListByClickingOnTotalUsers -->
                  <span class="method-name">VerifyAllUsersListByClickingOnTotalUsers</span>
                </div> <!-- method-content -->
              </div> <!-- method -->
              <div class="method">
                <div class="method-content">
                  <a name="VerifyBrandUsersListByClickingOnBrandUsers">
                  </a> <!-- VerifyBrandUsersListByClickingOnBrandUsers -->
                  <span class="method-name">VerifyBrandUsersListByClickingOnBrandUsers</span>
                </div> <!-- method-content -->
              </div> <!-- method -->
              <div class="method">
                <div class="method-content">
                  <a name="VerifyDashboardPageLabelsAfterAdminUserLogin">
                  </a> <!-- VerifyDashboardPageLabelsAfterAdminUserLogin -->
                  <span class="method-name">VerifyDashboardPageLabelsAfterAdminUserLogin</span>
                </div> <!-- method-content -->
              </div> <!-- method -->
              <div class="method">
                <div class="method-content">
                  <a name="VerifyInActiveUsersCountOnDashboardAndTotalListeadInActiveUsersOnUsersPage">
                  </a> <!-- VerifyInActiveUsersCountOnDashboardAndTotalListeadInActiveUsersOnUsersPage -->
                  <span class="method-name">VerifyInActiveUsersCountOnDashboardAndTotalListeadInActiveUsersOnUsersPage</span>
                </div> <!-- method-content -->
              </div> <!-- method -->
              <div class="method">
                <div class="method-content">
                  <a name="VerifyInactiveUsersListByClickingOnInactiveUsers">
                  </a> <!-- VerifyInactiveUsersListByClickingOnInactiveUsers -->
                  <span class="method-name">VerifyInactiveUsersListByClickingOnInactiveUsers</span>
                </div> <!-- method-content -->
              </div> <!-- method -->
              <div class="method">
                <div class="method-content">
                  <a name="VerifyInfluencerUsersListByClickingOnInfluencerUsers">
                  </a> <!-- VerifyInfluencerUsersListByClickingOnInfluencerUsers -->
                  <span class="method-name">VerifyInfluencerUsersListByClickingOnInfluencerUsers</span>
                </div> <!-- method-content -->
              </div> <!-- method -->
            </div> <!-- main-panel-content rounded-window-bottom -->
          </div> <!-- suite-Suite-class-passed -->
          <div class="suite-Suite-class-passed">
            <div class="main-panel-header rounded-window-top">
              <img src="passed.png"/>
              <span class="class-name">com.ikkon.Test_cases.TC_CampaignPageTest</span>
            </div> <!-- main-panel-header rounded-window-top -->
            <div class="main-panel-content rounded-window-bottom">
              <div class="method">
                <div class="method-content">
                  <a name="VerifyCampaignListOnFirstPage">
                  </a> <!-- VerifyCampaignListOnFirstPage -->
                  <span class="method-name">VerifyCampaignListOnFirstPage</span>
                </div> <!-- method-content -->
              </div> <!-- method -->
              <div class="method">
                <div class="method-content">
                  <a name="VerifyFilterByActive">
                  </a> <!-- VerifyFilterByActive -->
                  <span class="method-name">VerifyFilterByActive</span>
                </div> <!-- method-content -->
              </div> <!-- method -->
              <div class="method">
                <div class="method-content">
                  <a name="VerifyFilterByDraft">
                  </a> <!-- VerifyFilterByDraft -->
                  <span class="method-name">VerifyFilterByDraft</span>
                </div> <!-- method-content -->
              </div> <!-- method -->
              <div class="method">
                <div class="method-content">
                  <a name="VerifyFilterByReviewInfluencer">
                  </a> <!-- VerifyFilterByReviewInfluencer -->
                  <span class="method-name">VerifyFilterByReviewInfluencer</span>
                </div> <!-- method-content -->
              </div> <!-- method -->
              <div class="method">
                <div class="method-content">
                  <a name="VerifyNextButtonStatusWhenUserIsOnLastPage">
                  </a> <!-- VerifyNextButtonStatusWhenUserIsOnLastPage -->
                  <span class="method-name">VerifyNextButtonStatusWhenUserIsOnLastPage</span>
                </div> <!-- method-content -->
              </div> <!-- method -->
              <div class="method">
                <div class="method-content">
                  <a name="VerifyPreviousButtonStatusOnFirstPage">
                  </a> <!-- VerifyPreviousButtonStatusOnFirstPage -->
                  <span class="method-name">VerifyPreviousButtonStatusOnFirstPage</span>
                </div> <!-- method-content -->
              </div> <!-- method -->
              <div class="method">
                <div class="method-content">
                  <a name="VerifyPreviousButtonStausWhenSwitchFromFirstPageToAnotherPage">
                  </a> <!-- VerifyPreviousButtonStausWhenSwitchFromFirstPageToAnotherPage -->
                  <span class="method-name">VerifyPreviousButtonStausWhenSwitchFromFirstPageToAnotherPage</span>
                </div> <!-- method-content -->
              </div> <!-- method -->
            </div> <!-- main-panel-content rounded-window-bottom -->
          </div> <!-- suite-Suite-class-passed -->
          <div class="suite-Suite-class-passed">
            <div class="main-panel-header rounded-window-top">
              <img src="passed.png"/>
              <span class="class-name">com.ikkon.Test_cases.TC_MenuPageTest</span>
            </div> <!-- main-panel-header rounded-window-top -->
            <div class="main-panel-content rounded-window-bottom">
              <div class="method">
                <div class="method-content">
                  <a name="AgencyPageOpened">
                  </a> <!-- AgencyPageOpened -->
                  <span class="method-name">AgencyPageOpened</span>
                </div> <!-- method-content -->
              </div> <!-- method -->
              <div class="method">
                <div class="method-content">
                  <a name="BrandPageOpened">
                  </a> <!-- BrandPageOpened -->
                  <span class="method-name">BrandPageOpened</span>
                </div> <!-- method-content -->
              </div> <!-- method -->
              <div class="method">
                <div class="method-content">
                  <a name="CampaignPageOpened">
                  </a> <!-- CampaignPageOpened -->
                  <span class="method-name">CampaignPageOpened</span>
                </div> <!-- method-content -->
              </div> <!-- method -->
              <div class="method">
                <div class="method-content">
                  <a name="DashboardPageOpened">
                  </a> <!-- DashboardPageOpened -->
                  <span class="method-name">DashboardPageOpened</span>
                </div> <!-- method-content -->
              </div> <!-- method -->
              <div class="method">
                <div class="method-content">
                  <a name="MatchmakingPageOpened">
                  </a> <!-- MatchmakingPageOpened -->
                  <span class="method-name">MatchmakingPageOpened</span>
                </div> <!-- method-content -->
              </div> <!-- method -->
              <div class="method">
                <div class="method-content">
                  <a name="NotificationPageIsOpened">
                  </a> <!-- NotificationPageIsOpened -->
                  <span class="method-name">NotificationPageIsOpened</span>
                </div> <!-- method-content -->
              </div> <!-- method -->
              <div class="method">
                <div class="method-content">
                  <a name="SystemLogsPageIsOpened">
                  </a> <!-- SystemLogsPageIsOpened -->
                  <span class="method-name">SystemLogsPageIsOpened</span>
                </div> <!-- method-content -->
              </div> <!-- method -->
              <div class="method">
                <div class="method-content">
                  <a name="UsersPageIsOpened">
                  </a> <!-- UsersPageIsOpened -->
                  <span class="method-name">UsersPageIsOpened</span>
                </div> <!-- method-content -->
              </div> <!-- method -->
            </div> <!-- main-panel-content rounded-window-bottom -->
          </div> <!-- suite-Suite-class-passed -->
        </div> <!-- panel Suite -->
        <div panel-name="test-xml-Suite" class="panel">
          <div class="main-panel-header rounded-window-top">
            <span class="header-content">D:\JavaSelenium\IKKON\testng.xml</span>
          </div> <!-- main-panel-header rounded-window-top -->
          <div class="main-panel-content rounded-window-bottom">
            <pre>
&lt;?xml version=&quot;1.0&quot; encoding=&quot;UTF-8&quot;?&gt;
&lt;!DOCTYPE suite SYSTEM &quot;https://testng.org/testng-1.0.dtd&quot;&gt;
&lt;suite name=&quot;Suite&quot;&gt;
  &lt;listeners&gt;
    &lt;listener class-name=&quot;com.ikkon.utilities.ExtentListenerClass&quot;/&gt;
  &lt;/listeners&gt;
  &lt;test thread-count=&quot;5&quot; name=&quot;Test&quot;&gt;
    &lt;classes&gt;
      &lt;class name=&quot;com.ikkon.Test_cases.TC_SignInPageTest&quot;/&gt;
      &lt;class name=&quot;com.ikkon.Test_cases.TC_DashboardPageTest&quot;/&gt;
      &lt;class name=&quot;com.ikkon.Test_cases.TC_MenuPageTest&quot;/&gt;
      &lt;class name=&quot;com.ikkon.Test_cases.TC_CampaignPageTest&quot;/&gt;
    &lt;/classes&gt;
  &lt;/test&gt; &lt;!-- Test --&gt;
&lt;/suite&gt; &lt;!-- Suite --&gt;
            </pre>
          </div> <!-- main-panel-content rounded-window-bottom -->
        </div> <!-- panel -->
        <div panel-name="testlist-Suite" class="panel">
          <div class="main-panel-header rounded-window-top">
            <span class="header-content">Tests for Suite</span>
          </div> <!-- main-panel-header rounded-window-top -->
          <div class="main-panel-content rounded-window-bottom">
            <ul>
              <li>
                <span class="test-name">Test (4 classes)</span>
              </li>
            </ul>
          </div> <!-- main-panel-content rounded-window-bottom -->
        </div> <!-- panel -->
        <div panel-name="group-Suite" class="panel">
          <div class="main-panel-header rounded-window-top">
            <span class="header-content">Groups for Suite</span>
          </div> <!-- main-panel-header rounded-window-top -->
          <div class="main-panel-content rounded-window-bottom">
          </div> <!-- main-panel-content rounded-window-bottom -->
        </div> <!-- panel -->
        <div panel-name="times-Suite" class="panel">
          <div class="main-panel-header rounded-window-top">
            <span class="header-content">Times for Suite</span>
          </div> <!-- main-panel-header rounded-window-top -->
          <div class="main-panel-content rounded-window-bottom">
            <div class="times-div">
              <script type="text/javascript">
suiteTableInitFunctions.push('tableData_Suite');
function tableData_Suite() {
var data = new google.visualization.DataTable();
data.addColumn('number', 'Number');
data.addColumn('string', 'Method');
data.addColumn('string', 'Class');
data.addColumn('number', 'Time (ms)');
data.addRows(41);
data.setCell(0, 0, 0)
data.setCell(0, 1, 'VerifyFilterByInActive')
data.setCell(0, 2, 'com.ikkon.Test_cases.TC_CampaignPageTest')
data.setCell(0, 3, 43727);
data.setCell(1, 0, 1)
data.setCell(1, 1, 'VerifyFilterByRequestForInfluencer')
data.setCell(1, 2, 'com.ikkon.Test_cases.TC_CampaignPageTest')
data.setCell(1, 3, 34320);
data.setCell(2, 0, 2)
data.setCell(2, 1, 'VerifyBrandUsersCountOnDashboardAndTotalListeadBrandUsersOnUsersPage')
data.setCell(2, 2, 'com.ikkon.Test_cases.TC_DashboardPageTest')
data.setCell(2, 3, 24472);
data.setCell(3, 0, 3)
data.setCell(3, 1, 'SignInWithAdmin')
data.setCell(3, 2, 'com.ikkon.Test_cases.TC_SignInPageTest')
data.setCell(3, 3, 18414);
data.setCell(4, 0, 4)
data.setCell(4, 1, 'VerifyFilterByInfluencerConfirmed')
data.setCell(4, 2, 'com.ikkon.Test_cases.TC_CampaignPageTest')
data.setCell(4, 3, 15036);
data.setCell(5, 0, 5)
data.setCell(5, 1, 'VerifyCampaignListOnFirstPage')
data.setCell(5, 2, 'com.ikkon.Test_cases.TC_CampaignPageTest')
data.setCell(5, 3, 14946);
data.setCell(6, 0, 6)
data.setCell(6, 1, 'VerifyAgenciesUsersCountOnDashboardAndTotalListeadAgenciesUsersOnUsersPage')
data.setCell(6, 2, 'com.ikkon.Test_cases.TC_DashboardPageTest')
data.setCell(6, 3, 14698);
data.setCell(7, 0, 7)
data.setCell(7, 1, 'AgencyPageOpened')
data.setCell(7, 2, 'com.ikkon.Test_cases.TC_MenuPageTest')
data.setCell(7, 3, 13849);
data.setCell(8, 0, 8)
data.setCell(8, 1, 'OpenSignInPage')
data.setCell(8, 2, 'com.ikkon.Test_cases.TC_SignInPageTest')
data.setCell(8, 3, 10539);
data.setCell(9, 0, 9)
data.setCell(9, 1, 'Logout')
data.setCell(9, 2, 'com.ikkon.Test_cases.TC_SignInPageTest')
data.setCell(9, 3, 10057);
data.setCell(10, 0, 10)
data.setCell(10, 1, 'VerifyDashboardPageLabelsAfterAdminUserLogin')
data.setCell(10, 2, 'com.ikkon.Test_cases.TC_DashboardPageTest')
data.setCell(10, 3, 9657);
data.setCell(11, 0, 11)
data.setCell(11, 1, 'VerifyBrandUsersListByClickingOnBrandUsers')
data.setCell(11, 2, 'com.ikkon.Test_cases.TC_DashboardPageTest')
data.setCell(11, 3, 8475);
data.setCell(12, 0, 12)
data.setCell(12, 1, 'VerifyActiveUsersListByClickingOnActiveUsers')
data.setCell(12, 2, 'com.ikkon.Test_cases.TC_DashboardPageTest')
data.setCell(12, 3, 8469);
data.setCell(13, 0, 13)
data.setCell(13, 1, 'VerifyAgencyUsersListByClickingOnAgencyUsers')
data.setCell(13, 2, 'com.ikkon.Test_cases.TC_DashboardPageTest')
data.setCell(13, 3, 8430);
data.setCell(14, 0, 14)
data.setCell(14, 1, 'VerifyInfluencerUsersListByClickingOnInfluencerUsers')
data.setCell(14, 2, 'com.ikkon.Test_cases.TC_DashboardPageTest')
data.setCell(14, 3, 8423);
data.setCell(15, 0, 15)
data.setCell(15, 1, 'VerifyInactiveUsersListByClickingOnInactiveUsers')
data.setCell(15, 2, 'com.ikkon.Test_cases.TC_DashboardPageTest')
data.setCell(15, 3, 8369);
data.setCell(16, 0, 16)
data.setCell(16, 1, 'VerifyTotalUsersOnDashboardAndTotalListeadUsersOnUsersPage')
data.setCell(16, 2, 'com.ikkon.Test_cases.TC_DashboardPageTest')
data.setCell(16, 3, 7661);
data.setCell(17, 0, 17)
data.setCell(17, 1, 'VerifyActiveUsersCountOnDashboardAndTotalListeadActiveUsersOnUsersPage')
data.setCell(17, 2, 'com.ikkon.Test_cases.TC_DashboardPageTest')
data.setCell(17, 3, 6949);
data.setCell(18, 0, 18)
data.setCell(18, 1, 'VerifyAudioInfluencersCountOnDashboardAndTotalListeadAudioInfluencersOnUsersPage')
data.setCell(18, 2, 'com.ikkon.Test_cases.TC_DashboardPageTest')
data.setCell(18, 3, 6862);
data.setCell(19, 0, 19)
data.setCell(19, 1, 'VerifyAllUsersListByClickingOnTotalUsers')
data.setCell(19, 2, 'com.ikkon.Test_cases.TC_DashboardPageTest')
data.setCell(19, 3, 6466);
data.setCell(20, 0, 20)
data.setCell(20, 1, 'NotificationPageIsOpened')
data.setCell(20, 2, 'com.ikkon.Test_cases.TC_MenuPageTest')
data.setCell(20, 3, 5702);
data.setCell(21, 0, 21)
data.setCell(21, 1, 'VerifyNextButtonStatusWhenUserIsOnLastPage')
data.setCell(21, 2, 'com.ikkon.Test_cases.TC_CampaignPageTest')
data.setCell(21, 3, 5233);
data.setCell(22, 0, 22)
data.setCell(22, 1, 'DashboardPageOpened')
data.setCell(22, 2, 'com.ikkon.Test_cases.TC_MenuPageTest')
data.setCell(22, 3, 5153);
data.setCell(23, 0, 23)
data.setCell(23, 1, 'VerifyInActiveUsersCountOnDashboardAndTotalListeadInActiveUsersOnUsersPage')
data.setCell(23, 2, 'com.ikkon.Test_cases.TC_DashboardPageTest')
data.setCell(23, 3, 4588);
data.setCell(24, 0, 24)
data.setCell(24, 1, 'VerifyFilterByReviewInfluencer')
data.setCell(24, 2, 'com.ikkon.Test_cases.TC_CampaignPageTest')
data.setCell(24, 3, 4086);
data.setCell(25, 0, 25)
data.setCell(25, 1, 'VerifyFilterByDraft')
data.setCell(25, 2, 'com.ikkon.Test_cases.TC_CampaignPageTest')
data.setCell(25, 3, 3785);
data.setCell(26, 0, 26)
data.setCell(26, 1, 'VerifyFilterByActive')
data.setCell(26, 2, 'com.ikkon.Test_cases.TC_CampaignPageTest')
data.setCell(26, 3, 3649);
data.setCell(27, 0, 27)
data.setCell(27, 1, 'UsersPageIsOpened')
data.setCell(27, 2, 'com.ikkon.Test_cases.TC_MenuPageTest')
data.setCell(27, 3, 1469);
data.setCell(28, 0, 28)
data.setCell(28, 1, 'VerifyPreviousButtonStausWhenSwitchFromFirstPageToAnotherPage')
data.setCell(28, 2, 'com.ikkon.Test_cases.TC_CampaignPageTest')
data.setCell(28, 3, 1315);
data.setCell(29, 0, 29)
data.setCell(29, 1, 'LoginWithoutEnteringPassword')
data.setCell(29, 2, 'com.ikkon.Test_cases.TC_SignInPageTest')
data.setCell(29, 3, 1221);
data.setCell(30, 0, 30)
data.setCell(30, 1, 'LoginEmailAndInvalidPassword')
data.setCell(30, 2, 'com.ikkon.Test_cases.TC_SignInPageTest')
data.setCell(30, 3, 973);
data.setCell(31, 0, 31)
data.setCell(31, 1, 'LoginWithoutEnteringCredentials')
data.setCell(31, 2, 'com.ikkon.Test_cases.TC_SignInPageTest')
data.setCell(31, 3, 797);
data.setCell(32, 0, 32)
data.setCell(32, 1, 'LoginWithInvalidEmailAndCorrectPassword')
data.setCell(32, 2, 'com.ikkon.Test_cases.TC_SignInPageTest')
data.setCell(32, 3, 786);
data.setCell(33, 0, 33)
data.setCell(33, 1, 'MatchmakingPageOpened')
data.setCell(33, 2, 'com.ikkon.Test_cases.TC_MenuPageTest')
data.setCell(33, 3, 659);
data.setCell(34, 0, 34)
data.setCell(34, 1, 'LoginWithoutEnteringEmail')
data.setCell(34, 2, 'com.ikkon.Test_cases.TC_SignInPageTest')
data.setCell(34, 3, 653);
data.setCell(35, 0, 35)
data.setCell(35, 1, 'BrandPageOpened')
data.setCell(35, 2, 'com.ikkon.Test_cases.TC_MenuPageTest')
data.setCell(35, 3, 646);
data.setCell(36, 0, 36)
data.setCell(36, 1, 'SystemLogsPageIsOpened')
data.setCell(36, 2, 'com.ikkon.Test_cases.TC_MenuPageTest')
data.setCell(36, 3, 623);
data.setCell(37, 0, 37)
data.setCell(37, 1, 'CampaignPageOpened')
data.setCell(37, 2, 'com.ikkon.Test_cases.TC_MenuPageTest')
data.setCell(37, 3, 591);
data.setCell(38, 0, 38)
data.setCell(38, 1, 'VerifyPreviousButtonStatusOnFirstPage')
data.setCell(38, 2, 'com.ikkon.Test_cases.TC_CampaignPageTest')
data.setCell(38, 3, 55);
data.setCell(39, 0, 39)
data.setCell(39, 1, 'VerifyFilterByCompleted')
data.setCell(39, 2, 'com.ikkon.Test_cases.TC_CampaignPageTest')
data.setCell(39, 3, 45);
data.setCell(40, 0, 40)
data.setCell(40, 1, 'VerifyPreviousAndNextButtonStatusWhenOnlySinglePageAvailable')
data.setCell(40, 2, 'com.ikkon.Test_cases.TC_CampaignPageTest')
data.setCell(40, 3, 40);
window.suiteTableData['Suite']= { tableData: data, tableDiv: 'times-div-Suite'}
return data;
}
              </script>
              <span class="suite-total-time">Total running time: 5 minutes</span>
              <div id="times-div-Suite">
              </div> <!-- times-div-Suite -->
            </div> <!-- times-div -->
          </div> <!-- main-panel-content rounded-window-bottom -->
        </div> <!-- panel -->
        <div panel-name="reporter-Suite" class="panel">
          <div class="main-panel-header rounded-window-top">
            <span class="header-content">Reporter output for Suite</span>
          </div> <!-- main-panel-header rounded-window-top -->
          <div class="main-panel-content rounded-window-bottom">
          </div> <!-- main-panel-content rounded-window-bottom -->
        </div> <!-- panel -->
        <div panel-name="ignored-methods-Suite" class="panel">
          <div class="main-panel-header rounded-window-top">
            <span class="header-content">0 ignored methods</span>
          </div> <!-- main-panel-header rounded-window-top -->
          <div class="main-panel-content rounded-window-bottom">
          </div> <!-- main-panel-content rounded-window-bottom -->
        </div> <!-- panel -->
        <div panel-name="chronological-Suite" class="panel">
          <div class="main-panel-header rounded-window-top">
            <span class="header-content">Methods in chronological order</span>
          </div> <!-- main-panel-header rounded-window-top -->
          <div class="main-panel-content rounded-window-bottom">
            <div class="chronological-class">
              <div class="chronological-class-name">com.ikkon.Test_cases.TC_SignInPageTest</div> <!-- chronological-class-name -->
              <div class="configuration-class before">
                <span class="method-name">setup</span>
                <span class="method-start">0 ms</span>
              </div> <!-- configuration-class before -->
              <div class="test-method">
                <span class="method-name">OpenSignInPage</span>
                <span class="method-start">156140 ms</span>
              </div> <!-- test-method -->
              <div class="test-method">
                <span class="method-name">LoginWithoutEnteringCredentials</span>
                <span class="method-start">166724 ms</span>
              </div> <!-- test-method -->
              <div class="test-method">
                <span class="method-name">LoginWithoutEnteringPassword</span>
                <span class="method-start">167525 ms</span>
              </div> <!-- test-method -->
              <div class="test-method">
                <span class="method-name">LoginWithoutEnteringEmail</span>
                <span class="method-start">168755 ms</span>
              </div> <!-- test-method -->
              <div class="test-method">
                <span class="method-name">LoginWithInvalidEmailAndCorrectPassword</span>
                <span class="method-start">169411 ms</span>
              </div> <!-- test-method -->
              <div class="test-method">
                <span class="method-name">LoginEmailAndInvalidPassword</span>
                <span class="method-start">170204 ms</span>
              </div> <!-- test-method -->
              <div class="test-method">
                <img src="failed.png">
                </img>
                <span class="method-name">SignInWithAdmin</span>
                <span class="method-start">171184 ms</span>
              </div> <!-- test-method -->
              <div class="test-method">
                <img src="failed.png">
                </img>
                <span class="method-name">Logout</span>
                <span class="method-start">189631 ms</span>
              </div> <!-- test-method -->
              <div class="configuration-class after">
                <span class="method-name">tearDown</span>
                <span class="method-start">199711 ms</span>
              </div> <!-- configuration-class after -->
            </div> <!-- chronological-class -->
            <div class="chronological-class">
              <div class="chronological-class-name">com.ikkon.Test_cases.TC_DashboardPageTest</div> <!-- chronological-class-name -->
              <div class="configuration-class before">
                <span class="method-name">setup</span>
                <span class="method-start">200270 ms</span>
              </div> <!-- configuration-class before -->
              <div class="test-method">
                <span class="method-name">VerifyDashboardPageLabelsAfterAdminUserLogin</span>
                <span class="method-start">252795 ms</span>
              </div> <!-- test-method -->
              <div class="test-method">
                <span class="method-name">VerifyAllUsersListByClickingOnTotalUsers</span>
                <span class="method-start">262457 ms</span>
              </div> <!-- test-method -->
              <div class="test-method">
                <span class="method-name">VerifyActiveUsersListByClickingOnActiveUsers</span>
                <span class="method-start">268929 ms</span>
              </div> <!-- test-method -->
              <div class="test-method">
                <span class="method-name">VerifyInactiveUsersListByClickingOnInactiveUsers</span>
                <span class="method-start">277410 ms</span>
              </div> <!-- test-method -->
              <div class="test-method">
                <span class="method-name">VerifyInfluencerUsersListByClickingOnInfluencerUsers</span>
                <span class="method-start">285786 ms</span>
              </div> <!-- test-method -->
              <div class="test-method">
                <span class="method-name">VerifyBrandUsersListByClickingOnBrandUsers</span>
                <span class="method-start">294216 ms</span>
              </div> <!-- test-method -->
              <div class="test-method">
                <span class="method-name">VerifyAgencyUsersListByClickingOnAgencyUsers</span>
                <span class="method-start">302706 ms</span>
              </div> <!-- test-method -->
              <div class="test-method">
                <img src="failed.png">
                </img>
                <span class="method-name">VerifyTotalUsersOnDashboardAndTotalListeadUsersOnUsersPage</span>
                <span class="method-start">311142 ms</span>
              </div> <!-- test-method -->
              <div class="test-method">
                <span class="method-name">VerifyActiveUsersCountOnDashboardAndTotalListeadActiveUsersOnUsersPage</span>
                <span class="method-start">318840 ms</span>
              </div> <!-- test-method -->
              <div class="test-method">
                <span class="method-name">VerifyInActiveUsersCountOnDashboardAndTotalListeadInActiveUsersOnUsersPage</span>
                <span class="method-start">325797 ms</span>
              </div> <!-- test-method -->
              <div class="test-method">
                <img src="failed.png">
                </img>
                <span class="method-name">VerifyAudioInfluencersCountOnDashboardAndTotalListeadAudioInfluencersOnUsersPage</span>
                <span class="method-start">330389 ms</span>
              </div> <!-- test-method -->
              <div class="test-method">
                <img src="failed.png">
                </img>
                <span class="method-name">VerifyBrandUsersCountOnDashboardAndTotalListeadBrandUsersOnUsersPage</span>
                <span class="method-start">337253 ms</span>
              </div> <!-- test-method -->
              <div class="test-method">
                <img src="failed.png">
                </img>
                <span class="method-name">VerifyAgenciesUsersCountOnDashboardAndTotalListeadAgenciesUsersOnUsersPage</span>
                <span class="method-start">361731 ms</span>
              </div> <!-- test-method -->
              <div class="configuration-class after">
                <span class="method-name">tearDown</span>
                <span class="method-start">376440 ms</span>
              </div> <!-- configuration-class after -->
            </div> <!-- chronological-class -->
            <div class="chronological-class">
              <div class="chronological-class-name">com.ikkon.Test_cases.TC_MenuPageTest</div> <!-- chronological-class-name -->
              <div class="configuration-class before">
                <span class="method-name">setup</span>
                <span class="method-start">376885 ms</span>
              </div> <!-- configuration-class before -->
              <div class="test-method">
                <span class="method-name">AgencyPageOpened</span>
                <span class="method-start">407435 ms</span>
              </div> <!-- test-method -->
              <div class="test-method">
                <span class="method-name">BrandPageOpened</span>
                <span class="method-start">421286 ms</span>
              </div> <!-- test-method -->
              <div class="test-method">
                <span class="method-name">CampaignPageOpened</span>
                <span class="method-start">421934 ms</span>
              </div> <!-- test-method -->
              <div class="test-method">
                <span class="method-name">MatchmakingPageOpened</span>
                <span class="method-start">422539 ms</span>
              </div> <!-- test-method -->
              <div class="test-method">
                <span class="method-name">UsersPageIsOpened</span>
                <span class="method-start">423201 ms</span>
              </div> <!-- test-method -->
              <div class="test-method">
                <span class="method-name">SystemLogsPageIsOpened</span>
                <span class="method-start">424677 ms</span>
              </div> <!-- test-method -->
              <div class="test-method">
                <span class="method-name">DashboardPageOpened</span>
                <span class="method-start">425303 ms</span>
              </div> <!-- test-method -->
              <div class="test-method">
                <span class="method-name">NotificationPageIsOpened</span>
                <span class="method-start">430460 ms</span>
              </div> <!-- test-method -->
              <div class="configuration-class after">
                <span class="method-name">tearDown</span>
                <span class="method-start">436164 ms</span>
              </div> <!-- configuration-class after -->
            </div> <!-- chronological-class -->
            <div class="chronological-class">
              <div class="chronological-class-name">com.ikkon.Test_cases.TC_CampaignPageTest</div> <!-- chronological-class-name -->
              <div class="configuration-class before">
                <span class="method-name">setup</span>
                <span class="method-start">436521 ms</span>
              </div> <!-- configuration-class before -->
              <div class="test-method">
                <span class="method-name">VerifyCampaignListOnFirstPage</span>
                <span class="method-start">440689 ms</span>
              </div> <!-- test-method -->
              <div class="test-method">
                <span class="method-name">VerifyPreviousButtonStatusOnFirstPage</span>
                <span class="method-start">455638 ms</span>
              </div> <!-- test-method -->
              <div class="test-method">
                <span class="method-name">VerifyPreviousButtonStausWhenSwitchFromFirstPageToAnotherPage</span>
                <span class="method-start">455696 ms</span>
              </div> <!-- test-method -->
              <div class="test-method">
                <span class="method-name">VerifyNextButtonStatusWhenUserIsOnLastPage</span>
                <span class="method-start">457015 ms</span>
              </div> <!-- test-method -->
              <div class="test-method">
                <span class="method-name">VerifyPreviousAndNextButtonStatusWhenOnlySinglePageAvailable</span>
                <span class="method-start">462253 ms</span>
              </div> <!-- test-method -->
              <div class="test-method">
                <span class="method-name">VerifyFilterByDraft</span>
                <span class="method-start">462295 ms</span>
              </div> <!-- test-method -->
              <div class="test-method">
                <span class="method-name">VerifyFilterByActive</span>
                <span class="method-start">466084 ms</span>
              </div> <!-- test-method -->
              <div class="test-method">
                <span class="method-name">VerifyFilterByInActive</span>
                <span class="method-start">469735 ms</span>
              </div> <!-- test-method -->
              <div class="test-method">
                <span class="method-name">VerifyFilterByRequestForInfluencer</span>
                <span class="method-start">513468 ms</span>
              </div> <!-- test-method -->
              <div class="test-method">
                <span class="method-name">VerifyFilterByReviewInfluencer</span>
                <span class="method-start">547795 ms</span>
              </div> <!-- test-method -->
              <div class="test-method">
                <img src="failed.png">
                </img>
                <span class="method-name">VerifyFilterByInfluencerConfirmed</span>
                <span class="method-start">551883 ms</span>
              </div> <!-- test-method -->
              <div class="test-method">
                <img src="failed.png">
                </img>
                <span class="method-name">VerifyFilterByCompleted</span>
                <span class="method-start">566925 ms</span>
              </div> <!-- test-method -->
              <div class="configuration-class after">
                <img src="failed.png">
                </img>
                <span class="method-name">tearDown</span>
                <span class="method-start">566975 ms</span>
              </div> <!-- configuration-class after -->
          </div> <!-- main-panel-content rounded-window-bottom -->
        </div> <!-- panel -->
      </div> <!-- main-panel-root -->
    </div> <!-- wrapper -->
  </body>
<script type="text/javascript" src="testng-reports2.js"></script>
</html>
