<?xml version="1.0" encoding="UTF-8"?>
<testng-results ignored="0" total="18" passed="16" failed="2" skipped="0">
  <reporter-output>
  </reporter-output>
  <suite started-at="2024-12-06T18:43:23 IST" name="Suite" finished-at="2024-12-06T18:45:40 IST" duration-ms="137029">
    <groups>
    </groups>
    <test started-at="2024-12-06T18:43:23 IST" name="Test" finished-at="2024-12-06T18:45:40 IST" duration-ms="137029">
      <class name="com.ikkon.Test_cases.TC_DashboardPageTest">
        <test-method is-config="true" signature="setup()[pri:0, instance:com.ikkon.Test_cases.TC_DashboardPageTest@18271936]" started-at="2024-12-06T18:43:49 IST" name="setup" finished-at="2024-12-06T18:43:51 IST" duration-ms="2118" status="PASS">
          <reporter-output>
          </reporter-output>
        </test-method> <!-- setup -->
        <test-method signature="VerifyDashboardPageLabelsAfterAdminUserLogin()[pri:1, instance:com.ikkon.Test_cases.TC_DashboardPageTest@18271936]" started-at="2024-12-06T18:43:51 IST" name="VerifyDashboardPageLabelsAfterAdminUserLogin" finished-at="2024-12-06T18:44:11 IST" duration-ms="19861" status="FAIL">
          <exception class="org.openqa.selenium.NoSuchElementException">
            <message>
              <![CDATA[no such element: Unable to locate element: {"method":"xpath","selector":"//h6[text()='Total Users//']"}
  (Session info: chrome=131.0.6778.109)
For documentation on this error, please visit: https://www.selenium.dev/documentation/webdriver/troubleshooting/errors#no-such-element-exception
Build info: version: '4.26.0', revision: '8ccf0219d7'
System info: os.name: 'Windows 10', os.arch: 'amd64', os.version: '10.0', java.version: '21.0.3'
Driver info: org.openqa.selenium.chrome.ChromeDriver
Command: [3a1e817709935c920edc0d2a2d1f1e6b, findElement {value=//h6[text()='Total Users//'], using=xpath}]
Capabilities {acceptInsecureCerts: false, browserName: chrome, browserVersion: 131.0.6778.109, chrome: {chromedriverVersion: 131.0.6778.87 (ce31cae94873..., userDataDir: C:\Users\KANHAS~1\AppData\L...}, fedcm:accounts: true, goog:chromeOptions: {debuggerAddress: localhost:58202}, networkConnectionEnabled: false, pageLoadStrategy: normal, platformName: windows, proxy: Proxy(), se:cdp: ws://localhost:58202/devtoo..., se:cdpVersion: 131.0.6778.109, setWindowRect: true, strictFileInteractability: false, timeouts: {implicit: 0, pageLoad: 300000, script: 30000}, unhandledPromptBehavior: dismiss and notify, webauthn:extension:credBlob: true, webauthn:extension:largeBlob: true, webauthn:extension:minPinLength: true, webauthn:extension:prf: true, webauthn:virtualAuthenticators: true}
Session ID: 3a1e817709935c920edc0d2a2d1f1e6b]]>
            </message>
            <full-stacktrace>
              <![CDATA[org.openqa.selenium.NoSuchElementException: no such element: Unable to locate element: {"method":"xpath","selector":"//h6[text()='Total Users//']"}
  (Session info: chrome=131.0.6778.109)
For documentation on this error, please visit: https://www.selenium.dev/documentation/webdriver/troubleshooting/errors#no-such-element-exception
Build info: version: '4.26.0', revision: '8ccf0219d7'
System info: os.name: 'Windows 10', os.arch: 'amd64', os.version: '10.0', java.version: '21.0.3'
Driver info: org.openqa.selenium.chrome.ChromeDriver
Command: [3a1e817709935c920edc0d2a2d1f1e6b, findElement {value=//h6[text()='Total Users//'], using=xpath}]
Capabilities {acceptInsecureCerts: false, browserName: chrome, browserVersion: 131.0.6778.109, chrome: {chromedriverVersion: 131.0.6778.87 (ce31cae94873..., userDataDir: C:\Users\KANHAS~1\AppData\L...}, fedcm:accounts: true, goog:chromeOptions: {debuggerAddress: localhost:58202}, networkConnectionEnabled: false, pageLoadStrategy: normal, platformName: windows, proxy: Proxy(), se:cdp: ws://localhost:58202/devtoo..., se:cdpVersion: 131.0.6778.109, setWindowRect: true, strictFileInteractability: false, timeouts: {implicit: 0, pageLoad: 300000, script: 30000}, unhandledPromptBehavior: dismiss and notify, webauthn:extension:credBlob: true, webauthn:extension:largeBlob: true, webauthn:extension:minPinLength: true, webauthn:extension:prf: true, webauthn:virtualAuthenticators: true}
Session ID: 3a1e817709935c920edc0d2a2d1f1e6b
at java.base/jdk.internal.reflect.DirectConstructorHandleAccessor.newInstance(DirectConstructorHandleAccessor.java:62)
at java.base/java.lang.reflect.Constructor.newInstanceWithCaller(Constructor.java:502)
at java.base/java.lang.reflect.Constructor.newInstance(Constructor.java:486)
at org.openqa.selenium.remote.ErrorCodec.decode(ErrorCodec.java:167)
at org.openqa.selenium.remote.codec.w3c.W3CHttpResponseCodec.decode(W3CHttpResponseCodec.java:138)
at org.openqa.selenium.remote.codec.w3c.W3CHttpResponseCodec.decode(W3CHttpResponseCodec.java:50)
at org.openqa.selenium.remote.HttpCommandExecutor.execute(HttpCommandExecutor.java:190)
at org.openqa.selenium.remote.service.DriverCommandExecutor.invokeExecute(DriverCommandExecutor.java:216)
at org.openqa.selenium.remote.service.DriverCommandExecutor.execute(DriverCommandExecutor.java:174)
at org.openqa.selenium.remote.RemoteWebDriver.execute(RemoteWebDriver.java:545)
at org.openqa.selenium.remote.ElementLocation$ElementFinder$2.findElement(ElementLocation.java:165)
at org.openqa.selenium.remote.ElementLocation.findElement(ElementLocation.java:59)
at org.openqa.selenium.remote.RemoteWebDriver.findElement(RemoteWebDriver.java:368)
at org.openqa.selenium.remote.RemoteWebDriver.findElement(RemoteWebDriver.java:362)
at org.openqa.selenium.support.pagefactory.DefaultElementLocator.findElement(DefaultElementLocator.java:68)
at org.openqa.selenium.support.pagefactory.internal.LocatingElementHandler.invoke(LocatingElementHandler.java:38)
at jdk.proxy2/jdk.proxy2.$Proxy29.isDisplayed(Unknown Source)
at com.ikkon.pageObjects.DashboardPage.VerifyTotalUsersLabel(DashboardPage.java:71)
at com.ikkon.Test_cases.TC_DashboardPageTest.VerifyDashboardPageLabelsAfterAdminUserLogin(TC_DashboardPageTest.java:38)
at java.base/jdk.internal.reflect.DirectMethodHandleAccessor.invoke(DirectMethodHandleAccessor.java:103)
at java.base/java.lang.reflect.Method.invoke(Method.java:580)
at org.testng.internal.invokers.MethodInvocationHelper.invokeMethod(MethodInvocationHelper.java:139)
at org.testng.internal.invokers.TestInvoker.invokeMethod(TestInvoker.java:677)
at org.testng.internal.invokers.TestInvoker.invokeTestMethod(TestInvoker.java:221)
at org.testng.internal.invokers.MethodRunner.runInSequence(MethodRunner.java:50)
at org.testng.internal.invokers.TestInvoker$MethodInvocationAgent.invoke(TestInvoker.java:969)
at org.testng.internal.invokers.TestInvoker.invokeTestMethods(TestInvoker.java:194)
at org.testng.internal.invokers.TestMethodWorker.invokeTestMethods(TestMethodWorker.java:148)
at org.testng.internal.invokers.TestMethodWorker.run(TestMethodWorker.java:128)
at java.base/java.util.ArrayList.forEach(ArrayList.java:1596)
at org.testng.TestRunner.privateRun(TestRunner.java:829)
at org.testng.TestRunner.run(TestRunner.java:602)
at org.testng.SuiteRunner.runTest(SuiteRunner.java:437)
at org.testng.SuiteRunner.runSequentially(SuiteRunner.java:431)
at org.testng.SuiteRunner.privateRun(SuiteRunner.java:391)
at org.testng.SuiteRunner.run(SuiteRunner.java:330)
at org.testng.SuiteRunnerWorker.runSuite(SuiteRunnerWorker.java:52)
at org.testng.SuiteRunnerWorker.run(SuiteRunnerWorker.java:95)
at org.testng.TestNG.runSuitesSequentially(TestNG.java:1256)
at org.testng.TestNG.runSuitesLocally(TestNG.java:1176)
at org.testng.TestNG.runSuites(TestNG.java:1099)
at org.testng.TestNG.run(TestNG.java:1067)
at org.testng.remote.AbstractRemoteTestNG.run(AbstractRemoteTestNG.java:115)
at org.testng.remote.RemoteTestNG.initAndRun(RemoteTestNG.java:293)
at org.testng.remote.RemoteTestNG.main(RemoteTestNG.java:91)
]]>
            </full-stacktrace>
          </exception> <!-- org.openqa.selenium.NoSuchElementException -->
          <reporter-output>
          </reporter-output>
        </test-method> <!-- VerifyDashboardPageLabelsAfterAdminUserLogin -->
        <test-method signature="VerifyAllUsersListByClickingOnTotalUsers()[pri:2, instance:com.ikkon.Test_cases.TC_DashboardPageTest@18271936]" started-at="2024-12-06T18:44:11 IST" name="VerifyAllUsersListByClickingOnTotalUsers" finished-at="2024-12-06T18:44:21 IST" duration-ms="10212" status="FAIL">
          <exception class="org.openqa.selenium.NoSuchElementException">
            <message>
              <![CDATA[no such element: Unable to locate element: {"method":"xpath","selector":"//h6[text()='Total Users//']"}
  (Session info: chrome=131.0.6778.109)
For documentation on this error, please visit: https://www.selenium.dev/documentation/webdriver/troubleshooting/errors#no-such-element-exception
Build info: version: '4.26.0', revision: '8ccf0219d7'
System info: os.name: 'Windows 10', os.arch: 'amd64', os.version: '10.0', java.version: '21.0.3'
Driver info: org.openqa.selenium.chrome.ChromeDriver
Command: [3a1e817709935c920edc0d2a2d1f1e6b, findElement {value=//h6[text()='Total Users//'], using=xpath}]
Capabilities {acceptInsecureCerts: false, browserName: chrome, browserVersion: 131.0.6778.109, chrome: {chromedriverVersion: 131.0.6778.87 (ce31cae94873..., userDataDir: C:\Users\KANHAS~1\AppData\L...}, fedcm:accounts: true, goog:chromeOptions: {debuggerAddress: localhost:58202}, networkConnectionEnabled: false, pageLoadStrategy: normal, platformName: windows, proxy: Proxy(), se:cdp: ws://localhost:58202/devtoo..., se:cdpVersion: 131.0.6778.109, setWindowRect: true, strictFileInteractability: false, timeouts: {implicit: 0, pageLoad: 300000, script: 30000}, unhandledPromptBehavior: dismiss and notify, webauthn:extension:credBlob: true, webauthn:extension:largeBlob: true, webauthn:extension:minPinLength: true, webauthn:extension:prf: true, webauthn:virtualAuthenticators: true}
Session ID: 3a1e817709935c920edc0d2a2d1f1e6b]]>
            </message>
            <full-stacktrace>
              <![CDATA[org.openqa.selenium.NoSuchElementException: no such element: Unable to locate element: {"method":"xpath","selector":"//h6[text()='Total Users//']"}
  (Session info: chrome=131.0.6778.109)
For documentation on this error, please visit: https://www.selenium.dev/documentation/webdriver/troubleshooting/errors#no-such-element-exception
Build info: version: '4.26.0', revision: '8ccf0219d7'
System info: os.name: 'Windows 10', os.arch: 'amd64', os.version: '10.0', java.version: '21.0.3'
Driver info: org.openqa.selenium.chrome.ChromeDriver
Command: [3a1e817709935c920edc0d2a2d1f1e6b, findElement {value=//h6[text()='Total Users//'], using=xpath}]
Capabilities {acceptInsecureCerts: false, browserName: chrome, browserVersion: 131.0.6778.109, chrome: {chromedriverVersion: 131.0.6778.87 (ce31cae94873..., userDataDir: C:\Users\KANHAS~1\AppData\L...}, fedcm:accounts: true, goog:chromeOptions: {debuggerAddress: localhost:58202}, networkConnectionEnabled: false, pageLoadStrategy: normal, platformName: windows, proxy: Proxy(), se:cdp: ws://localhost:58202/devtoo..., se:cdpVersion: 131.0.6778.109, setWindowRect: true, strictFileInteractability: false, timeouts: {implicit: 0, pageLoad: 300000, script: 30000}, unhandledPromptBehavior: dismiss and notify, webauthn:extension:credBlob: true, webauthn:extension:largeBlob: true, webauthn:extension:minPinLength: true, webauthn:extension:prf: true, webauthn:virtualAuthenticators: true}
Session ID: 3a1e817709935c920edc0d2a2d1f1e6b
at java.base/jdk.internal.reflect.DirectConstructorHandleAccessor.newInstance(DirectConstructorHandleAccessor.java:62)
at java.base/java.lang.reflect.Constructor.newInstanceWithCaller(Constructor.java:502)
at java.base/java.lang.reflect.Constructor.newInstance(Constructor.java:486)
at org.openqa.selenium.remote.ErrorCodec.decode(ErrorCodec.java:167)
at org.openqa.selenium.remote.codec.w3c.W3CHttpResponseCodec.decode(W3CHttpResponseCodec.java:138)
at org.openqa.selenium.remote.codec.w3c.W3CHttpResponseCodec.decode(W3CHttpResponseCodec.java:50)
at org.openqa.selenium.remote.HttpCommandExecutor.execute(HttpCommandExecutor.java:190)
at org.openqa.selenium.remote.service.DriverCommandExecutor.invokeExecute(DriverCommandExecutor.java:216)
at org.openqa.selenium.remote.service.DriverCommandExecutor.execute(DriverCommandExecutor.java:174)
at org.openqa.selenium.remote.RemoteWebDriver.execute(RemoteWebDriver.java:545)
at org.openqa.selenium.remote.ElementLocation$ElementFinder$2.findElement(ElementLocation.java:165)
at org.openqa.selenium.remote.ElementLocation.findElement(ElementLocation.java:59)
at org.openqa.selenium.remote.RemoteWebDriver.findElement(RemoteWebDriver.java:368)
at org.openqa.selenium.remote.RemoteWebDriver.findElement(RemoteWebDriver.java:362)
at org.openqa.selenium.support.pagefactory.DefaultElementLocator.findElement(DefaultElementLocator.java:68)
at org.openqa.selenium.support.pagefactory.internal.LocatingElementHandler.invoke(LocatingElementHandler.java:38)
at jdk.proxy2/jdk.proxy2.$Proxy29.click(Unknown Source)
at com.ikkon.pageObjects.DashboardPage.TotalUsersClick(DashboardPage.java:200)
at com.ikkon.Test_cases.TC_DashboardPageTest.VerifyAllUsersListByClickingOnTotalUsers(TC_DashboardPageTest.java:124)
at java.base/jdk.internal.reflect.DirectMethodHandleAccessor.invoke(DirectMethodHandleAccessor.java:103)
at java.base/java.lang.reflect.Method.invoke(Method.java:580)
at org.testng.internal.invokers.MethodInvocationHelper.invokeMethod(MethodInvocationHelper.java:139)
at org.testng.internal.invokers.TestInvoker.invokeMethod(TestInvoker.java:677)
at org.testng.internal.invokers.TestInvoker.invokeTestMethod(TestInvoker.java:221)
at org.testng.internal.invokers.MethodRunner.runInSequence(MethodRunner.java:50)
at org.testng.internal.invokers.TestInvoker$MethodInvocationAgent.invoke(TestInvoker.java:969)
at org.testng.internal.invokers.TestInvoker.invokeTestMethods(TestInvoker.java:194)
at org.testng.internal.invokers.TestMethodWorker.invokeTestMethods(TestMethodWorker.java:148)
at org.testng.internal.invokers.TestMethodWorker.run(TestMethodWorker.java:128)
at java.base/java.util.ArrayList.forEach(ArrayList.java:1596)
at org.testng.TestRunner.privateRun(TestRunner.java:829)
at org.testng.TestRunner.run(TestRunner.java:602)
at org.testng.SuiteRunner.runTest(SuiteRunner.java:437)
at org.testng.SuiteRunner.runSequentially(SuiteRunner.java:431)
at org.testng.SuiteRunner.privateRun(SuiteRunner.java:391)
at org.testng.SuiteRunner.run(SuiteRunner.java:330)
at org.testng.SuiteRunnerWorker.runSuite(SuiteRunnerWorker.java:52)
at org.testng.SuiteRunnerWorker.run(SuiteRunnerWorker.java:95)
at org.testng.TestNG.runSuitesSequentially(TestNG.java:1256)
at org.testng.TestNG.runSuitesLocally(TestNG.java:1176)
at org.testng.TestNG.runSuites(TestNG.java:1099)
at org.testng.TestNG.run(TestNG.java:1067)
at org.testng.remote.AbstractRemoteTestNG.run(AbstractRemoteTestNG.java:115)
at org.testng.remote.RemoteTestNG.initAndRun(RemoteTestNG.java:293)
at org.testng.remote.RemoteTestNG.main(RemoteTestNG.java:91)
]]>
            </full-stacktrace>
          </exception> <!-- org.openqa.selenium.NoSuchElementException -->
          <reporter-output>
          </reporter-output>
        </test-method> <!-- VerifyAllUsersListByClickingOnTotalUsers -->
        <test-method signature="VerifyActiveUsersListByClickingOnActiveUsers()[pri:3, instance:com.ikkon.Test_cases.TC_DashboardPageTest@18271936]" started-at="2024-12-06T18:44:21 IST" name="VerifyActiveUsersListByClickingOnActiveUsers" finished-at="2024-12-06T18:44:29 IST" duration-ms="8341" status="PASS">
          <reporter-output>
          </reporter-output>
        </test-method> <!-- VerifyActiveUsersListByClickingOnActiveUsers -->
        <test-method signature="VerifyInactiveUsersListByClickingOnInactiveUsers()[pri:4, instance:com.ikkon.Test_cases.TC_DashboardPageTest@18271936]" started-at="2024-12-06T18:44:29 IST" name="VerifyInactiveUsersListByClickingOnInactiveUsers" finished-at="2024-12-06T18:44:38 IST" duration-ms="8289" status="PASS">
          <reporter-output>
          </reporter-output>
        </test-method> <!-- VerifyInactiveUsersListByClickingOnInactiveUsers -->
        <test-method signature="VerifyInfluencerUsersListByClickingOnInfluencerUsers()[pri:5, instance:com.ikkon.Test_cases.TC_DashboardPageTest@18271936]" started-at="2024-12-06T18:44:38 IST" name="VerifyInfluencerUsersListByClickingOnInfluencerUsers" finished-at="2024-12-06T18:44:46 IST" duration-ms="8264" status="PASS">
          <reporter-output>
          </reporter-output>
        </test-method> <!-- VerifyInfluencerUsersListByClickingOnInfluencerUsers -->
        <test-method signature="VerifyBrandUsersListByClickingOnBrandUsers()[pri:6, instance:com.ikkon.Test_cases.TC_DashboardPageTest@18271936]" started-at="2024-12-06T18:44:46 IST" name="VerifyBrandUsersListByClickingOnBrandUsers" finished-at="2024-12-06T18:44:54 IST" duration-ms="8258" status="PASS">
          <reporter-output>
          </reporter-output>
        </test-method> <!-- VerifyBrandUsersListByClickingOnBrandUsers -->
        <test-method signature="VerifyAgencyUsersListByClickingOnBrandUsers()[pri:7, instance:com.ikkon.Test_cases.TC_DashboardPageTest@18271936]" started-at="2024-12-06T18:44:54 IST" name="VerifyAgencyUsersListByClickingOnBrandUsers" finished-at="2024-12-06T18:45:03 IST" duration-ms="8260" status="PASS">
          <reporter-output>
          </reporter-output>
        </test-method> <!-- VerifyAgencyUsersListByClickingOnBrandUsers -->
        <test-method is-config="true" signature="tearDown()[pri:0, instance:com.ikkon.Test_cases.TC_DashboardPageTest@18271936]" started-at="2024-12-06T18:45:03 IST" name="tearDown" finished-at="2024-12-06T18:45:03 IST" duration-ms="365" status="PASS">
          <reporter-output>
          </reporter-output>
        </test-method> <!-- tearDown -->
      </class> <!-- com.ikkon.Test_cases.TC_DashboardPageTest -->
      <class name="com.ikkon.Test_cases.TC_SignInPageTest">
        <test-method is-config="true" signature="setup()[pri:0, instance:com.ikkon.Test_cases.TC_SignInPageTest@35dab4eb]" started-at="2024-12-06T18:43:24 IST" name="setup" finished-at="2024-12-06T18:43:32 IST" duration-ms="8337" status="PASS">
          <reporter-output>
          </reporter-output>
        </test-method> <!-- setup -->
        <test-method signature="OpenSignInPage()[pri:1, instance:com.ikkon.Test_cases.TC_SignInPageTest@35dab4eb]" started-at="2024-12-06T18:43:32 IST" name="OpenSignInPage" finished-at="2024-12-06T18:43:34 IST" duration-ms="1719" status="PASS">
          <reporter-output>
          </reporter-output>
        </test-method> <!-- OpenSignInPage -->
        <test-method signature="SignInWithAdmin()[pri:2, instance:com.ikkon.Test_cases.TC_SignInPageTest@35dab4eb]" started-at="2024-12-06T18:43:34 IST" name="SignInWithAdmin" finished-at="2024-12-06T18:43:46 IST" duration-ms="12194" status="PASS">
          <reporter-output>
          </reporter-output>
        </test-method> <!-- SignInWithAdmin -->
        <test-method signature="Logout()[pri:3, instance:com.ikkon.Test_cases.TC_SignInPageTest@35dab4eb]" started-at="2024-12-06T18:43:46 IST" name="Logout" finished-at="2024-12-06T18:43:49 IST" duration-ms="2431" status="PASS">
          <reporter-output>
          </reporter-output>
        </test-method> <!-- Logout -->
        <test-method is-config="true" signature="tearDown()[pri:0, instance:com.ikkon.Test_cases.TC_SignInPageTest@35dab4eb]" started-at="2024-12-06T18:43:49 IST" name="tearDown" finished-at="2024-12-06T18:43:49 IST" duration-ms="410" status="PASS">
          <reporter-output>
          </reporter-output>
        </test-method> <!-- tearDown -->
      </class> <!-- com.ikkon.Test_cases.TC_SignInPageTest -->
      <class name="com.ikkon.Test_cases.TC_MenuPageTest">
        <test-method is-config="true" signature="setup()[pri:0, instance:com.ikkon.Test_cases.TC_MenuPageTest@606e4010]" started-at="2024-12-06T18:45:03 IST" name="setup" finished-at="2024-12-06T18:45:12 IST" duration-ms="8642" status="PASS">
          <reporter-output>
          </reporter-output>
        </test-method> <!-- setup -->
        <test-method signature="AgencyPageOpened()[pri:1, instance:com.ikkon.Test_cases.TC_MenuPageTest@606e4010]" started-at="2024-12-06T18:45:12 IST" name="AgencyPageOpened" finished-at="2024-12-06T18:45:26 IST" duration-ms="14029" status="PASS">
          <reporter-output>
          </reporter-output>
        </test-method> <!-- AgencyPageOpened -->
        <test-method signature="BrandPageOpened()[pri:2, instance:com.ikkon.Test_cases.TC_MenuPageTest@606e4010]" started-at="2024-12-06T18:45:26 IST" name="BrandPageOpened" finished-at="2024-12-06T18:45:26 IST" duration-ms="488" status="PASS">
          <reporter-output>
          </reporter-output>
        </test-method> <!-- BrandPageOpened -->
        <test-method signature="CampaignPageOpened()[pri:3, instance:com.ikkon.Test_cases.TC_MenuPageTest@606e4010]" started-at="2024-12-06T18:45:26 IST" name="CampaignPageOpened" finished-at="2024-12-06T18:45:27 IST" duration-ms="493" status="PASS">
          <reporter-output>
          </reporter-output>
        </test-method> <!-- CampaignPageOpened -->
        <test-method signature="MatchmakingPageOpened()[pri:4, instance:com.ikkon.Test_cases.TC_MenuPageTest@606e4010]" started-at="2024-12-06T18:45:27 IST" name="MatchmakingPageOpened" finished-at="2024-12-06T18:45:27 IST" duration-ms="663" status="PASS">
          <reporter-output>
          </reporter-output>
        </test-method> <!-- MatchmakingPageOpened -->
        <test-method signature="UsersPageIsOpened()[pri:5, instance:com.ikkon.Test_cases.TC_MenuPageTest@606e4010]" started-at="2024-12-06T18:45:27 IST" name="UsersPageIsOpened" finished-at="2024-12-06T18:45:29 IST" duration-ms="1852" status="PASS">
          <reporter-output>
          </reporter-output>
        </test-method> <!-- UsersPageIsOpened -->
        <test-method signature="SystemLogsPageIsOpened()[pri:6, instance:com.ikkon.Test_cases.TC_MenuPageTest@606e4010]" started-at="2024-12-06T18:45:29 IST" name="SystemLogsPageIsOpened" finished-at="2024-12-06T18:45:30 IST" duration-ms="523" status="PASS">
          <reporter-output>
          </reporter-output>
        </test-method> <!-- SystemLogsPageIsOpened -->
        <test-method signature="DashboardPageOpened()[pri:7, instance:com.ikkon.Test_cases.TC_MenuPageTest@606e4010]" started-at="2024-12-06T18:45:30 IST" name="DashboardPageOpened" finished-at="2024-12-06T18:45:35 IST" duration-ms="5124" status="PASS">
          <reporter-output>
          </reporter-output>
        </test-method> <!-- DashboardPageOpened -->
        <test-method signature="NotificationPageIsOpened()[pri:8, instance:com.ikkon.Test_cases.TC_MenuPageTest@606e4010]" started-at="2024-12-06T18:45:35 IST" name="NotificationPageIsOpened" finished-at="2024-12-06T18:45:40 IST" duration-ms="5048" status="PASS">
          <reporter-output>
          </reporter-output>
        </test-method> <!-- NotificationPageIsOpened -->
        <test-method is-config="true" signature="tearDown()[pri:0, instance:com.ikkon.Test_cases.TC_MenuPageTest@606e4010]" started-at="2024-12-06T18:45:40 IST" name="tearDown" finished-at="2024-12-06T18:45:40 IST" duration-ms="452" status="PASS">
          <reporter-output>
          </reporter-output>
        </test-method> <!-- tearDown -->
      </class> <!-- com.ikkon.Test_cases.TC_MenuPageTest -->
    </test> <!-- Test -->
  </suite> <!-- Suite -->
</testng-results>
